#
# A fatal error has been detected by the Java Runtime Environment:
#
#  SIGSEGV (0xb) at pc=0x00007f20e4468881, pid=3533, tid=3540
#
# JRE version: OpenJDK Runtime Environment (17.0.6) (build 17.0.6+0-17.0.6b802.4-9586694)
# Java VM: OpenJDK 64-Bit Server VM (17.0.6+0-17.0.6b802.4-9586694, mixed mode, tiered, compressed oops, compressed class ptrs, g1 gc, linux-amd64)
# Problematic frame:
# V  [libjvm.so+0x978881]  void OopOopIterateDispatch<G1RootRegionScanClosure>::Table::oop_oop_iterate<InstanceKlass, narrowOop>(G1RootRegionScanClosure*, oopDesc*, Klass*)+0x111
#
# Core dump will be written. Default location: Core dumps may be processed with "/usr/share/apport/apport -p%p -s%s -c%c -d%d -P%P -u%u -g%g -- %E" (or dumping to /home/student/AndroidStudioProjects/FoodDeliveryApp/core.3533)
#
# If you would like to submit a bug report, please visit:
#   https://bugreport.java.com/bugreport/crash.jsp
#

---------------  S U M M A R Y ------------

Command Line: --add-opens=java.base/java.util=ALL-UNNAMED --add-opens=java.base/java.lang=ALL-UNNAMED --add-opens=java.base/java.lang.invoke=ALL-UNNAMED --add-opens=java.prefs/java.util.prefs=ALL-UNNAMED --add-opens=java.base/java.nio.charset=ALL-UNNAMED --add-opens=java.base/java.net=ALL-UNNAMED --add-opens=java.base/java.util.concurrent.atomic=ALL-UNNAMED -Xmx2048m -Dfile.encoding=UTF-8 -Duser.country=US -Duser.language=en -Duser.variant org.gradle.launcher.daemon.bootstrap.GradleDaemon 8.0

Host: Intel(R) Core(TM) i5-5300U CPU @ 2.30GHz, 4 cores, 7G, Ubuntu 20.04.6 LTS
Time: Thu Jun 29 17:31:57 2023 EAT elapsed time: 8.936995 seconds (0d 0h 0m 8s)

---------------  T H R E A D  ---------------

Current thread (0x00007f20dc073a60):  ConcurrentGCThread "G1 Conc#0" [stack: 0x00007f20c7df9000,0x00007f20c7ef9000] [id=3540]

Stack: [0x00007f20c7df9000,0x00007f20c7ef9000],  sp=0x00007f20c7ef7d20,  free space=1019k
Native frames: (J=compiled Java code, j=interpreted, Vv=VM code, C=native code)
V  [libjvm.so+0x978881]  void OopOopIterateDispatch<G1RootRegionScanClosure>::Table::oop_oop_iterate<InstanceKlass, narrowOop>(G1RootRegionScanClosure*, oopDesc*, Klass*)+0x111
V  [libjvm.so+0x9717c1]  G1ConcurrentMark::scan_root_region(MemRegion const*, unsigned int)+0x91
V  [libjvm.so+0x976ccc]  G1CMRootRegionScanTask::work(unsigned int)+0x6c
V  [libjvm.so+0x1162d2c]  GangWorker::loop()+0x5c
V  [libjvm.so+0x1162cb6]
V  [libjvm.so+0x10b888f]  Thread::call_run()+0xbf
V  [libjvm.so+0xe67c39]  thread_native_entry(Thread*)+0x119


siginfo: si_signo: 11 (SIGSEGV), si_code: 1 (SEGV_MAPERR), si_addr: 0x00000000000000f0

Register to memory mapping:

RAX=0x0 is NULL
RBX=0x0000000082bbefb4 is pointing into object: java.lang.reflect.Method 
{0x0000000082bbef98} - klass: 'java/lang/reflect/Method'
 - ---- fields (total size 11 words):
 - 'override' 'Z' @12  false
 - volatile 'accessCheckCache' 'Ljava/lang/Object;' @16  NULL (0)
 - private volatile transient 'hasRealParameterData' 'Z' @13  false
 - private volatile transient 'parameters' '[Ljava/lang/reflect/Parameter;' @20  
[error occurred during error reporting (printing register info), id 0xb, SIGSEGV (0xb) at pc=0x00007f20e4579135]

Registers:
RAX=0x0000000000000000, RBX=0x0000000082bbefb4, RCX=0x000000010004a914, RDX=0x0000000000000040
RSP=0x00007f20c7ef7d20, RBP=0x00007f20c7ef7d70, RSI=0x000000010004a798, RDI=0x00007f20dc0ec8f0
R8 =0x00007f20dc0ec918, R9 =0x00007f20c7ef7d88, R10=0x0000000000000000, R11=0x0000000000000000
R12=0x0000000004000000, R13=0x0000000082bbefac, R14=0x000000010004a520, R15=0x00007f20dc061f90
RIP=0x00007f20e4468881, EFLAGS=0x0000000000010202, CSGSFS=0x002b000000000033, ERR=0x0000000000000004
  TRAPNO=0x000000000000000e

Top of Stack: (sp=0x00007f20c7ef7d20)
0x00007f20c7ef7d20:   000000010004a9a0 0000000082bbef98
0x00007f20c7ef7d30:   0000000082bbefb4 000000010004a990
0x00007f20c7ef7d40:   0000000000000000 000000000000000b
0x00007f20c7ef7d50:   0000000082bbef98 0000000000000240 

Instructions: (pc=0x00007f20e4468881)
0x00007f20e4468781:   49 89 d6 48 89 75 b8 48 89 fb 48 8b ba 98 00 00
0x00007f20e4468791:   00 8b 53 10 48 89 de 31 c9 e8 e1 d3 eb ff 41 8b
0x00007f20e44687a1:   86 50 01 00 00 48 85 c0 0f 84 61 02 00 00 49 89
0x00007f20e44687b1:   d9 49 63 8e a0 00 00 00 49 8d 0c ce 49 63 96 54
0x00007f20e44687c1:   01 00 00 48 8d 34 d1 48 8d 0c d1 48 81 c1 f8 01
0x00007f20e44687d1:   00 00 48 8d 04 c6 48 05 f8 01 00 00 48 89 45 b0
0x00007f20e44687e1:   eb 1f 66 2e 0f 1f 84 00 00 00 00 00 0f 1f 00 48
0x00007f20e44687f1:   8b 4d c8 48 83 c1 08 48 3b 4d b0 0f 83 0e 02 00
0x00007f20e4468801:   00 48 89 4d c8 8b 41 04 48 85 c0 74 e2 48 8b 4d
0x00007f20e4468811:   c8 4c 63 29 4c 03 6d b8 48 8d 1c 85 00 00 00 00
0x00007f20e4468821:   4c 01 eb 48 89 5d c0 eb 1f 48 83 c2 50 48 83 02
0x00007f20e4468831:   01 48 98 48 01 44 0e 08 0f 1f 80 00 00 00 00 49
0x00007f20e4468841:   83 c5 04 49 39 dd 73 a7 45 8b 65 00 4d 85 e4 74
0x00007f20e4468851:   ee 48 8d 05 07 47 90 00 8a 48 08 49 d3 e4 4c 03
0x00007f20e4468861:   20 4d 8b 79 20 49 8b 47 08 8a 88 c0 01 00 00 4c
0x00007f20e4468871:   89 e2 48 d3 ea 48 8b 80 b0 01 00 00 48 8b 04 d0
0x00007f20e4468881:   4c 39 a0 f0 00 00 00 76 b6 41 8b 41 28 48 89 45
0x00007f20e4468891:   d0 49 8b 9f 98 00 00 00 48 8b 03 48 89 df 4c 89
0x00007f20e44688a1:   e6 4d 89 ce ff 10 4d 89 f1 4c 89 e0 48 2b 43 08
0x00007f20e44688b1:   48 c1 e8 03 8a 4b 18 48 d3 e8 48 8b 7b 20 48 89
0x00007f20e44688c1:   c3 ba 01 00 00 00 89 c1 48 d3 e2 48 c1 eb 06 48
0x00007f20e44688d1:   8d 34 df 48 8b 0c df 48 8b 5d c0 0f 1f 40 00 48
0x00007f20e44688e1:   89 cf 48 09 d7 48 39 cf 0f 84 51 ff ff ff 48 89
0x00007f20e44688f1:   c8 f0 48 0f b1 3e 48 39 c8 48 89 c1 75 e1 48 8d
0x00007f20e4468901:   05 83 7f 94 00 8a 10 84 d2 74 25 41 8b 7c 24 08
0x00007f20e4468911:   48 8d 05 58 46 90 00 8a 48 08 48 d3 e7 48 03 38
0x00007f20e4468921:   8b 47 08 85 c0 7e 15 a8 01 75 15 c1 e8 03 eb 59
0x00007f20e4468931:   49 8b 7c 24 08 8b 47 08 85 c0 7f eb 85 c0 78 11
0x00007f20e4468941:   48 8b 07 4c 89 e6 ff 90 00 01 00 00 4d 89 f1 eb
0x00007f20e4468951:   38 31 c9 84 d2 0f 94 c1 49 63 54 8c 0c 89 c1 48
0x00007f20e4468961:   d3 e2 c1 e8 10 0f b6 c0 48 01 d0 48 8d 0d b1 48
0x00007f20e4468971:   90 00 48 63 09 48 8d 14 01 48 83 c2 ff f7 d9 48 


Stack slot to memory mapping:
stack at sp + 0 slots: 0x000000010004a9a0 is a pointer to class: 
java.lang.reflect.Constructor {0x000000010004a9a0}
 - instance size:     9
 - klass size:        144
 - access:            public final synchronized 
 - state:             fully_initialized
 - name:              'java/lang/reflect/Constructor'
 - super:             'java/lang/reflect/Executable'
 - sub:               
 - arrays:            'java/lang/reflect/Constructor'[]
 - methods:           Array<T>(0x00007f20c4c750f0)
 - method ordering:   Array<T>(0x00007f20c4c00018)
 - default_methods:   Array<T>(0x0000000000000000)
 - local interfaces:  Array<T>(0x00007f20c4c00058)
 - trans. interfaces: Array<T>(0x00007f20c4c73fe0)
 - constants:         constant pool [429] {0x00007f20c4c741b8} for 'java/lang/reflect/Constructor' cache=0x00007f20c4fda780
 - class loader data:  loader data: 0x00007f20dc0ec8f0 of 'bootstrap'
 - source file:       'Constructor.java'
 - class annotations:       Array<T>(0x0000000000000000)
 - class type annotations:  Array<T>(0x0000000000000000)
 - field annotations:       Array<T>(0x0000000000000000)
 - field type annotations:  Array<T>(0x0000000000000000)
 - generic signature: '<T:Ljava/lang/Object;>Ljava/lang/reflect/Executable;'
 - inner classes:     Array<T>(0x00007f20c4c776d8)
 - nest members:     Array<T>(0x00007f20c4c00028)
 - permitted subclasses:     Array<T>(0x00007f20c4c00028)
 - java mirror:       a 'java/lang/Class'{0x00000000800f9be8} = 'java/lang/reflect/Constructor'
 - vtable length      56  (start addr: 0x000000010004ab98)
 - itable length      23 (start addr: 0x000000010004ad58)
 - ---- static fields (0 words):
 - ---- non-static fields (15 words):
 - 'override' 'Z' @12 
 - volatile 'accessCheckCache' 'Ljava/lang/Object;' @16 
 - private volatile transient 'hasRealParameterData' 'Z' @13 
 - private volatile transient 'parameters' '[Ljava/lang/reflect/Parameter;' @20 
 - private volatile transient 'declaredAnnotations' 'Ljava/util/Map;' @24 
 - private 'slot' 'I' @28 
 - private 'modifiers' 'I' @32 
 - private 'clazz' 'Ljava/lang/Class;' @36 
 - private 'parameterTypes' '[Ljava/lang/Class;' @40 
 - private 'exceptionTypes' '[Ljava/lang/Class;' @44 
 - private transient 'signature' 'Ljava/lang/String;' @48 
 - private transient 'genericInfo' 'Lsun/reflect/generics/repository/ConstructorRepository;' @52 
 - private 'annotations' '[B' @56 
 - private 'parameterAnnotations' '[B' @60 
 - private volatile 'constructorAccessor' 'Ljdk/internal/reflect/ConstructorAccessor;' @64 
 - private 'root' 'Ljava/lang/reflect/Constructor;' @68 
 - non-static oop maps: 16-24 36-68 
stack at sp + 1 slots: 0x0000000082bbef98 is an oop: java.lang.reflect.Method 
{0x0000000082bbef98} - klass: 'java/lang/reflect/Method'
 - ---- fields (total size 11 words):
 - 'override' 'Z' @12  false
 - volatile 'accessCheckCache' 'Ljava/lang/Object;' @16  NULL (0)
 - private volatile transient 'hasRealParameterData' 'Z' @13  false
 - private volatile transient 'parameters' '[Ljava/lang/reflect/Parameter;' @20  
[error occurred during error reporting (inspecting top of stack), id 0xb, SIGSEGV (0xb) at pc=0x00007f20e4579135]


---------------  P R O C E S S  ---------------

Threads class SMR info:
_java_thread_list=0x00007f2054830a70, length=34, elements={
0x00007f20dc0261f0, 0x00007f20dc16f600, 0x00007f20dc170c50, 0x00007f20dc196e60,
0x00007f20dc198210, 0x00007f20dc199620, 0x00007f20dc19aca0, 0x00007f20dc19c180,
0x00007f20dc19d5f0, 0x00007f20dc222f20, 0x00007f20dc2265e0, 0x00007f20dd208820,
0x00007f20dd2aae00, 0x00007f20dd2e7e70, 0x00007f2060017200, 0x00007f20580014d0,
0x00007f20580070f0, 0x00007f2058008750, 0x00007f2054007560, 0x00007f205400ded0,
0x00007f20540188a0, 0x00007f20541725f0, 0x00007f205417af10, 0x00007f2054236880,
0x00007f205442f2f0, 0x00007f2054431860, 0x00007f20545d9f90, 0x00007f20545e7aa0,
0x00007f20545faf00, 0x00007f20546fe2e0, 0x00007f205470cf20, 0x00007f2054771f40,
0x00007f2054823770, 0x00007f205482fce0
}

Java Threads: ( => current thread )
  0x00007f20dc0261f0 JavaThread "main" [_thread_blocked, id=3535, stack(0x00007f20e3896000,0x00007f20e3997000)]
  0x00007f20dc16f600 JavaThread "Reference Handler" daemon [_thread_blocked, id=3545, stack(0x00007f20c54af000,0x00007f20c55b0000)]
  0x00007f20dc170c50 JavaThread "Finalizer" daemon [_thread_blocked, id=3546, stack(0x00007f20c4aff000,0x00007f20c4c00000)]
  0x00007f20dc196e60 JavaThread "Signal Dispatcher" daemon [_thread_blocked, id=3548, stack(0x00007f20c4215000,0x00007f20c4316000)]
  0x00007f20dc198210 JavaThread "Service Thread" daemon [_thread_blocked, id=3549, stack(0x00007f20c4114000,0x00007f20c4215000)]
  0x00007f20dc199620 JavaThread "Monitor Deflation Thread" daemon [_thread_blocked, id=3550, stack(0x00007f20c4013000,0x00007f20c4114000)]
  0x00007f20dc19aca0 JavaThread "C2 CompilerThread0" daemon [_thread_in_native, id=3551, stack(0x00007f2097eff000,0x00007f2098000000)]
  0x00007f20dc19c180 JavaThread "C1 CompilerThread0" daemon [_thread_blocked, id=3552, stack(0x00007f2097dfe000,0x00007f2097eff000)]
  0x00007f20dc19d5f0 JavaThread "Sweeper thread" daemon [_thread_blocked, id=3553, stack(0x00007f2097cfd000,0x00007f2097dfe000)]
  0x00007f20dc222f20 JavaThread "Common-Cleaner" daemon [_thread_blocked, id=3555, stack(0x00007f2097bfc000,0x00007f2097cfd000)]
  0x00007f20dc2265e0 JavaThread "Notification Thread" daemon [_thread_blocked, id=3556, stack(0x00007f2097afb000,0x00007f2097bfc000)]
  0x00007f20dd208820 JavaThread "Daemon health stats" [_thread_blocked, id=3568, stack(0x00007f20965fd000,0x00007f20966fe000)]
  0x00007f20dd2aae00 JavaThread "Incoming local TCP Connector on port 36403" [_thread_in_native, id=3579, stack(0x00007f20964fc000,0x00007f20965fd000)]
  0x00007f20dd2e7e70 JavaThread "Daemon periodic checks" [_thread_blocked, id=3580, stack(0x00007f20963fb000,0x00007f20964fc000)]
  0x00007f2060017200 JavaThread "Daemon" [_thread_blocked, id=3581, stack(0x00007f20962fa000,0x00007f20963fb000)]
  0x00007f20580014d0 JavaThread "Handler for socket connection from /127.0.0.1:36403 to /127.0.0.1:46102" [_thread_in_native, id=3582, stack(0x00007f20961f9000,0x00007f20962fa000)]
  0x00007f20580070f0 JavaThread "Cancel handler" [_thread_blocked, id=3586, stack(0x00007f20960f8000,0x00007f20961f9000)]
  0x00007f2058008750 JavaThread "Daemon worker" [_thread_in_native, id=3587, stack(0x00007f2095ff7000,0x00007f20960f8000)]
  0x00007f2054007560 JavaThread "Asynchronous log dispatcher for DefaultDaemonConnection: socket connection from /127.0.0.1:36403 to /127.0.0.1:46102" [_thread_blocked, id=3590, stack(0x00007f2095ef6000,0x00007f2095ff7000)]
  0x00007f205400ded0 JavaThread "Stdin handler" [_thread_blocked, id=3591, stack(0x00007f2095df5000,0x00007f2095ef6000)]
  0x00007f20540188a0 JavaThread "Daemon client event forwarder" [_thread_blocked, id=3592, stack(0x00007f2095cf4000,0x00007f2095df5000)]
  0x00007f20541725f0 JavaThread "Cache worker for journal cache (/home/student/.gradle/caches/journal-1)" [_thread_blocked, id=3602, stack(0x00007f20978f8000,0x00007f20979f9000)]
  0x00007f205417af10 JavaThread "File lock request listener" [_thread_in_native, id=3603, stack(0x00007f20952ff000,0x00007f2095400000)]
  0x00007f2054236880 JavaThread "Cache worker for file hash cache (/home/student/.gradle/caches/8.0/fileHashes)" [_thread_blocked, id=3612, stack(0x00007f20951fe000,0x00007f20952ff000)]
  0x00007f205442f2f0 JavaThread "File watcher server" daemon [_thread_in_native, id=3630, stack(0x00007f20950fd000,0x00007f20951fe000)]
  0x00007f2054431860 JavaThread "File watcher consumer" daemon [_thread_blocked, id=3631, stack(0x00007f2094ffc000,0x00007f20950fd000)]
  0x00007f20545d9f90 JavaThread "Cache worker for checksums cache (/home/student/AndroidStudioProjects/FoodDeliveryApp/.gradle/8.0/checksums)" [_thread_blocked, id=3633, stack(0x00007f2094efb000,0x00007f2094ffc000)]
  0x00007f20545e7aa0 JavaThread "Cache worker for cache directory md-rule (/home/student/.gradle/caches/8.0/md-rule)" [_thread_blocked, id=3675, stack(0x00007f2094dfa000,0x00007f2094efb000)]
  0x00007f20545faf00 JavaThread "Cache worker for file content cache (/home/student/.gradle/caches/8.0/fileContent)" [_thread_blocked, id=3676, stack(0x00007f2094cf9000,0x00007f2094dfa000)]
  0x00007f20546fe2e0 JavaThread "Cache worker for file hash cache (/home/student/AndroidStudioProjects/FoodDeliveryApp/.gradle/8.0/fileHashes)" [_thread_blocked, id=3678, stack(0x00007f20942ff000,0x00007f2094400000)]
  0x00007f205470cf20 JavaThread "Cache worker for cache directory md-supplier (/home/student/.gradle/caches/8.0/md-supplier)" [_thread_blocked, id=3679, stack(0x00007f20941fe000,0x00007f20942ff000)]
  0x00007f2054771f40 JavaThread "Cache worker for execution history cache (/home/student/.gradle/caches/8.0/executionHistory)" [_thread_blocked, id=3680, stack(0x00007f20940fd000,0x00007f20941fe000)]
  0x00007f2054823770 JavaThread "jar transforms" [_thread_blocked, id=3682, stack(0x00007f2047eff000,0x00007f2048000000)]
  0x00007f205482fce0 JavaThread "jar transforms Thread 2" [_thread_blocked, id=3683, stack(0x00007f2047dfe000,0x00007f2047eff000)]

Other Threads:
  0x00007f20dc120180 VMThread "VM Thread" [stack: 0x00007f20c55b2000,0x00007f20c56b2000] [id=3544]
  0x00007f20dc1aab20 WatcherThread [stack: 0x00007f20979fb000,0x00007f2097afb000] [id=3557]
  0x00007f20dc061520 GCTaskThread "GC Thread#0" [stack: 0x00007f20c7ffd000,0x00007f20c80fd000] [id=3538]
  0x00007f20a8005040 GCTaskThread "GC Thread#1" [stack: 0x00007f20977f8000,0x00007f20978f8000] [id=3560]
  0x00007f20a800b5a0 GCTaskThread "GC Thread#2" [stack: 0x00007f20976f6000,0x00007f20977f6000] [id=3561]
  0x00007f20a800afa0 GCTaskThread "GC Thread#3" [stack: 0x00007f2096700000,0x00007f2096800000] [id=3563]
  0x00007f20dc072b00 ConcurrentGCThread "G1 Main Marker" [stack: 0x00007f20c7efb000,0x00007f20c7ffb000] [id=3539]
=>0x00007f20dc073a60 ConcurrentGCThread "G1 Conc#0" [stack: 0x00007f20c7df9000,0x00007f20c7ef9000] [id=3540]
  0x00007f20dc0d8910 ConcurrentGCThread "G1 Refine#0" [stack: 0x00007f20c58f3000,0x00007f20c59f3000] [id=3541]
  0x00007f20dc0d9800 ConcurrentGCThread "G1 Service" [stack: 0x00007f20c57f1000,0x00007f20c58f1000] [id=3542]

Threads with active compile tasks:
C2 CompilerThread0     8949 2599       4       jdk.internal.loader.URLClassPath::getResource (74 bytes)

VM state: not at safepoint (normal execution)

VM Mutex/Monitor currently owned by a thread: None

Heap address: 0x0000000080000000, size: 2048 MB, Compressed Oops mode: 32-bit

CDS archive(s) not mapped
Compressed class space mapped at: 0x0000000100000000-0x0000000140000000, reserved size: 1073741824
Narrow klass base: 0x0000000000000000, Narrow klass shift: 3, Narrow klass range: 0x140000000

GC Precious Log:
 CPUs: 4 total, 4 available
 Memory: 7811M
 Large Page Support: Disabled
 NUMA Support: Disabled
 Compressed Oops: Enabled (32-bit)
 Heap Region Size: 1M
 Heap Min Capacity: 8M
 Heap Initial Capacity: 124M
 Heap Max Capacity: 2G
 Pre-touch: Disabled
 Parallel Workers: 4
 Concurrent Workers: 1
 Concurrent Refinement Workers: 4
 Periodic GC: Disabled

Heap:
 garbage-first heap   total 71680K, used 25074K [0x0000000080000000, 0x0000000100000000)
  region size 1024K, 6 young (6144K), 4 survivors (4096K)
 Metaspace       used 36635K, committed 36992K, reserved 1081344K
  class space    used 4977K, committed 5120K, reserved 1048576K

Heap Regions: E=young(eden), S=young(survivor), O=old, HS=humongous(starts), HC=humongous(continues), CS=collection set, F=free, OA=open archive, CA=closed archive, TAMS=top-at-mark-start (previous, next)
|   0|0x0000000080000000, 0x0000000080100000, 0x0000000080100000|100%| O|  |TAMS 0x0000000080100000, 0x0000000080100000| Untracked 
|   1|0x0000000080100000, 0x0000000080200000, 0x0000000080200000|100%| O|  |TAMS 0x0000000080200000, 0x0000000080200000| Untracked 
|   2|0x0000000080200000, 0x0000000080300000, 0x0000000080300000|100%|HS|  |TAMS 0x0000000080300000, 0x0000000080300000| Complete 
|   3|0x0000000080300000, 0x0000000080400000, 0x0000000080400000|100%|HC|  |TAMS 0x0000000080400000, 0x0000000080400000| Complete 
|   4|0x0000000080400000, 0x0000000080500000, 0x0000000080500000|100%|HC|  |TAMS 0x0000000080500000, 0x0000000080500000| Complete 
|   5|0x0000000080500000, 0x0000000080600000, 0x0000000080600000|100%|HC|  |TAMS 0x0000000080600000, 0x0000000080600000| Complete 
|   6|0x0000000080600000, 0x0000000080700000, 0x0000000080700000|100%| O|  |TAMS 0x0000000080700000, 0x0000000080700000| Untracked 
|   7|0x0000000080700000, 0x0000000080800000, 0x0000000080800000|100%| O|  |TAMS 0x0000000080800000, 0x0000000080800000| Untracked 
|   8|0x0000000080800000, 0x0000000080900000, 0x0000000080900000|100%| O|  |TAMS 0x0000000080800000, 0x0000000080900000| Untracked 
|   9|0x0000000080900000, 0x0000000080a00000, 0x0000000080a00000|100%| O|  |TAMS 0x0000000080a00000, 0x0000000080a00000| Untracked 
|  10|0x0000000080a00000, 0x0000000080b00000, 0x0000000080b00000|100%| O|  |TAMS 0x0000000080b00000, 0x0000000080b00000| Untracked 
|  11|0x0000000080b00000, 0x0000000080c00000, 0x0000000080c00000|100%| O|  |TAMS 0x0000000080c00000, 0x0000000080c00000| Untracked 
|  12|0x0000000080c00000, 0x0000000080cab600, 0x0000000080d00000| 66%| O|  |TAMS 0x0000000080cab600, 0x0000000080cab600| Untracked 
|  13|0x0000000080d00000, 0x0000000080e00000, 0x0000000080e00000|100%| O|  |TAMS 0x0000000080d00000, 0x0000000080e00000| Untracked 
|  14|0x0000000080e00000, 0x0000000080f00000, 0x0000000080f00000|100%| O|  |TAMS 0x0000000080e00000, 0x0000000080f00000| Untracked 
|  15|0x0000000080f00000, 0x0000000081000000, 0x0000000081000000|100%| O|  |TAMS 0x0000000080f00000, 0x0000000081000000| Untracked 
|  16|0x0000000081000000, 0x0000000081100000, 0x0000000081100000|100%| O|  |TAMS 0x0000000081000000, 0x0000000081100000| Untracked 
|  17|0x0000000081100000, 0x0000000081200000, 0x0000000081200000|100%| O|  |TAMS 0x0000000081100000, 0x0000000081200000| Untracked 
|  18|0x0000000081200000, 0x0000000081300000, 0x0000000081300000|100%| O|  |TAMS 0x0000000081200000, 0x0000000081300000| Untracked 
|  19|0x0000000081300000, 0x0000000081400000, 0x0000000081400000|100%| O|  |TAMS 0x0000000081300000, 0x0000000081400000| Untracked 
|  20|0x0000000081400000, 0x0000000081495600, 0x0000000081500000| 58%| O|  |TAMS 0x0000000081400000, 0x0000000081495600| Untracked 
|  21|0x0000000081500000, 0x0000000081500000, 0x0000000081600000|  0%| F|  |TAMS 0x0000000081500000, 0x0000000081500000| Untracked 
|  22|0x0000000081600000, 0x0000000081600000, 0x0000000081700000|  0%| F|  |TAMS 0x0000000081600000, 0x0000000081600000| Untracked 
|  23|0x0000000081700000, 0x0000000081700000, 0x0000000081800000|  0%| F|  |TAMS 0x0000000081700000, 0x0000000081700000| Untracked 
|  24|0x0000000081800000, 0x0000000081800000, 0x0000000081900000|  0%| F|  |TAMS 0x0000000081800000, 0x0000000081800000| Untracked 
|  25|0x0000000081900000, 0x0000000081900000, 0x0000000081a00000|  0%| F|  |TAMS 0x0000000081900000, 0x0000000081900000| Untracked 
|  26|0x0000000081a00000, 0x0000000081a00000, 0x0000000081b00000|  0%| F|  |TAMS 0x0000000081a00000, 0x0000000081a00000| Untracked 
|  27|0x0000000081b00000, 0x0000000081b00000, 0x0000000081c00000|  0%| F|  |TAMS 0x0000000081b00000, 0x0000000081b00000| Untracked 
|  28|0x0000000081c00000, 0x0000000081c00000, 0x0000000081d00000|  0%| F|  |TAMS 0x0000000081c00000, 0x0000000081c00000| Untracked 
|  29|0x0000000081d00000, 0x0000000081d00000, 0x0000000081e00000|  0%| F|  |TAMS 0x0000000081d00000, 0x0000000081d00000| Untracked 
|  30|0x0000000081e00000, 0x0000000081e00000, 0x0000000081f00000|  0%| F|  |TAMS 0x0000000081e00000, 0x0000000081e00000| Untracked 
|  31|0x0000000081f00000, 0x0000000081f00000, 0x0000000082000000|  0%| F|  |TAMS 0x0000000081f00000, 0x0000000081f00000| Untracked 
|  32|0x0000000082000000, 0x0000000082000000, 0x0000000082100000|  0%| F|  |TAMS 0x0000000082000000, 0x0000000082000000| Untracked 
|  33|0x0000000082100000, 0x0000000082100000, 0x0000000082200000|  0%| F|  |TAMS 0x0000000082100000, 0x0000000082100000| Untracked 
|  34|0x0000000082200000, 0x0000000082200000, 0x0000000082300000|  0%| F|  |TAMS 0x0000000082200000, 0x0000000082200000| Untracked 
|  35|0x0000000082300000, 0x0000000082300000, 0x0000000082400000|  0%| F|  |TAMS 0x0000000082300000, 0x0000000082300000| Untracked 
|  36|0x0000000082400000, 0x0000000082400000, 0x0000000082500000|  0%| F|  |TAMS 0x0000000082400000, 0x0000000082400000| Untracked 
|  37|0x0000000082500000, 0x0000000082500000, 0x0000000082600000|  0%| F|  |TAMS 0x0000000082500000, 0x0000000082500000| Untracked 
|  38|0x0000000082600000, 0x0000000082600000, 0x0000000082700000|  0%| F|  |TAMS 0x0000000082600000, 0x0000000082600000| Untracked 
|  39|0x0000000082700000, 0x0000000082700000, 0x0000000082800000|  0%| F|  |TAMS 0x0000000082700000, 0x0000000082700000| Untracked 
|  40|0x0000000082800000, 0x000000008283be80, 0x0000000082900000| 23%| S|CS|TAMS 0x0000000082800000, 0x0000000082800000| Complete 
|  41|0x0000000082900000, 0x0000000082900000, 0x0000000082a00000|  0%| F|  |TAMS 0x0000000082900000, 0x0000000082900000| Untracked 
|  42|0x0000000082a00000, 0x0000000082a00000, 0x0000000082b00000|  0%| F|  |TAMS 0x0000000082a00000, 0x0000000082a00000| Untracked 
|  43|0x0000000082b00000, 0x0000000082c00000, 0x0000000082c00000|100%| S|CS|TAMS 0x0000000082b00000, 0x0000000082b00000| Complete 
|  44|0x0000000082c00000, 0x0000000082d00000, 0x0000000082d00000|100%| S|CS|TAMS 0x0000000082c00000, 0x0000000082c00000| Complete 
|  45|0x0000000082d00000, 0x0000000082e00000, 0x0000000082e00000|100%| S|CS|TAMS 0x0000000082d00000, 0x0000000082d00000| Complete 
|  46|0x0000000082e00000, 0x0000000082e00000, 0x0000000082f00000|  0%| F|  |TAMS 0x0000000082e00000, 0x0000000082e00000| Untracked 
|  47|0x0000000082f00000, 0x0000000082f00000, 0x0000000083000000|  0%| F|  |TAMS 0x0000000082f00000, 0x0000000082f00000| Untracked 
|  48|0x0000000083000000, 0x0000000083000000, 0x0000000083100000|  0%| F|  |TAMS 0x0000000083000000, 0x0000000083000000| Untracked 
|  49|0x0000000083100000, 0x0000000083100000, 0x0000000083200000|  0%| F|  |TAMS 0x0000000083100000, 0x0000000083100000| Untracked 
|  50|0x0000000083200000, 0x0000000083200000, 0x0000000083300000|  0%| F|  |TAMS 0x0000000083200000, 0x0000000083200000| Untracked 
|  51|0x0000000083300000, 0x0000000083300000, 0x0000000083400000|  0%| F|  |TAMS 0x0000000083300000, 0x0000000083300000| Untracked 
|  52|0x0000000083400000, 0x0000000083400000, 0x0000000083500000|  0%| F|  |TAMS 0x0000000083400000, 0x0000000083400000| Untracked 
|  53|0x0000000083500000, 0x0000000083500000, 0x0000000083600000|  0%| F|  |TAMS 0x0000000083500000, 0x0000000083500000| Untracked 
|  54|0x0000000083600000, 0x0000000083600000, 0x0000000083700000|  0%| F|  |TAMS 0x0000000083600000, 0x0000000083600000| Untracked 
|  55|0x0000000083700000, 0x0000000083700000, 0x0000000083800000|  0%| F|  |TAMS 0x0000000083700000, 0x0000000083700000| Untracked 
|  56|0x0000000083800000, 0x0000000083800000, 0x0000000083900000|  0%| F|  |TAMS 0x0000000083800000, 0x0000000083800000| Untracked 
|  57|0x0000000083900000, 0x0000000083900000, 0x0000000083a00000|  0%| F|  |TAMS 0x0000000083900000, 0x0000000083900000| Untracked 
|  58|0x0000000083a00000, 0x0000000083a00000, 0x0000000083b00000|  0%| F|  |TAMS 0x0000000083a00000, 0x0000000083a00000| Untracked 
|  59|0x0000000083b00000, 0x0000000083b00000, 0x0000000083c00000|  0%| F|  |TAMS 0x0000000083b00000, 0x0000000083b00000| Untracked 
|  60|0x0000000083c00000, 0x0000000083c00000, 0x0000000083d00000|  0%| F|  |TAMS 0x0000000083c00000, 0x0000000083c00000| Untracked 
|  82|0x0000000085200000, 0x0000000085200000, 0x0000000085300000|  0%| F|  |TAMS 0x0000000085200000, 0x0000000085200000| Untracked 
|  83|0x0000000085300000, 0x0000000085300000, 0x0000000085400000|  0%| F|  |TAMS 0x0000000085300000, 0x0000000085300000| Untracked 
|  84|0x0000000085400000, 0x0000000085400000, 0x0000000085500000|  0%| F|  |TAMS 0x0000000085400000, 0x0000000085400000| Untracked 
|  85|0x0000000085500000, 0x0000000085500000, 0x0000000085600000|  0%| F|  |TAMS 0x0000000085500000, 0x0000000085500000| Untracked 
|  86|0x0000000085600000, 0x0000000085600000, 0x0000000085700000|  0%| F|  |TAMS 0x0000000085600000, 0x0000000085600000| Untracked 
|  87|0x0000000085700000, 0x0000000085700000, 0x0000000085800000|  0%| F|  |TAMS 0x0000000085700000, 0x0000000085700000| Untracked 
|  88|0x0000000085800000, 0x0000000085800000, 0x0000000085900000|  0%| F|  |TAMS 0x0000000085800000, 0x0000000085800000| Untracked 
| 122|0x0000000087a00000, 0x0000000087aeb7e8, 0x0000000087b00000| 91%| E|  |TAMS 0x0000000087a00000, 0x0000000087a00000| Complete 
| 123|0x0000000087b00000, 0x0000000087c00000, 0x0000000087c00000|100%| E|CS|TAMS 0x0000000087b00000, 0x0000000087b00000| Complete 

Card table byte_map: [0x00007f20cc4fd000,0x00007f20cc8fd000] _byte_map_base: 0x00007f20cc0fd000

Marking Bits (Prev, Next): (CMBitMap*) 0x00007f20dc061fe0, (CMBitMap*) 0x00007f20dc061fa0
 Prev Bits: [0x00007f20c80fd000, 0x00007f20ca0fd000)
 Next Bits: [0x00007f20ca0fd000, 0x00007f20cc0fd000)

Polling page: 0x00007f20e5021000

Metaspace:

Usage:
  Non-class:     30.92 MB used.
      Class:      4.86 MB used.
       Both:     35.78 MB used.

Virtual space:
  Non-class space:       32.00 MB reserved,      31.12 MB ( 97%) committed,  4 nodes.
      Class space:        1.00 GB reserved,       5.00 MB ( <1%) committed,  1 nodes.
             Both:        1.03 GB reserved,      36.12 MB (  3%) committed. 

Chunk freelists:
   Non-Class:  720.00 KB
       Class:  2.85 MB
        Both:  3.55 MB

MaxMetaspaceSize: unlimited
CompressedClassSpaceSize: 1.00 GB
Initial GC threshold: 21.00 MB
Current GC threshold: 36.25 MB
CDS: off
MetaspaceReclaimPolicy: balanced
 - commit_granule_bytes: 65536.
 - commit_granule_words: 8192.
 - virtual_space_node_default_size: 1048576.
 - enlarge_chunks_in_place: 1.
 - new_chunks_are_fully_committed: 0.
 - uncommit_free_chunks: 1.
 - use_allocation_guard: 0.
 - handle_deallocations: 1.


Internal statistics:

num_allocs_failed_limit: 12.
num_arena_births: 290.
num_arena_deaths: 0.
num_vsnodes_births: 5.
num_vsnodes_deaths: 0.
num_space_committed: 578.
num_space_uncommitted: 0.
num_chunks_returned_to_freelist: 12.
num_chunks_taken_from_freelist: 1335.
num_chunk_merges: 9.
num_chunk_splits: 885.
num_chunks_enlarged: 627.
num_purges: 0.
num_inconsistent_stats: 0.

CodeHeap 'non-profiled nmethods': size=120032Kb used=1406Kb max_used=1406Kb free=118626Kb
 bounds [0x00007f20d4ac8000, 0x00007f20d4d38000, 0x00007f20dc000000]
CodeHeap 'profiled nmethods': size=120028Kb used=5564Kb max_used=5564Kb free=114463Kb
 bounds [0x00007f20cd000000, 0x00007f20cd570000, 0x00007f20d4537000]
CodeHeap 'non-nmethods': size=5700Kb used=1224Kb max_used=1269Kb free=4475Kb
 bounds [0x00007f20d4537000, 0x00007f20d47a7000, 0x00007f20d4ac8000]
 total_blobs=3265 nmethods=2729 adapters=449
 compilation: enabled
              stopped_count=0, restarted_count=0
 full_count=0

Compilation events (20 events):
Event: 8.708 Thread 0x00007f20dc19c180 2700       1       java.util.Collections$EmptySet::contains (2 bytes)
Event: 8.708 Thread 0x00007f20dc19c180 nmethod 2700 0x00007f20d4c1bf10 code [0x00007f20d4c1c0a0, 0x00007f20d4c1c170]
Event: 8.710 Thread 0x00007f20dc19c180 2701       2       org.codehaus.groovy.reflection.ReflectionCache::isAssignableFrom (13 bytes)
Event: 8.710 Thread 0x00007f20dc19c180 nmethod 2701 0x00007f20cd560710 code [0x00007f20cd5608c0, 0x00007f20cd560a00]
Event: 8.712 Thread 0x00007f20dc19c180 2702       2       org.codehaus.groovy.reflection.ParameterTypes::getParameterTypes (16 bytes)
Event: 8.712 Thread 0x00007f20dc19c180 nmethod 2702 0x00007f20cd560b10 code [0x00007f20cd560cc0, 0x00007f20cd560e00]
Event: 8.728 Thread 0x00007f20dc19c180 2704       2       java.util.regex.Matcher::find (69 bytes)
Event: 8.728 Thread 0x00007f20dc19c180 nmethod 2704 0x00007f20cd560e90 code [0x00007f20cd561040, 0x00007f20cd561220]
Event: 8.756 Thread 0x00007f20dc19c180 2705       2       org.codehaus.groovy.reflection.ReflectionCache::setAssignableFrom (1 bytes)
Event: 8.756 Thread 0x00007f20dc19c180 nmethod 2705 0x00007f20cd561310 code [0x00007f20cd5614a0, 0x00007f20cd561570]
Event: 8.757 Thread 0x00007f20dc19c180 2706       2       org.codehaus.groovy.reflection.ParameterTypes::setParametersTypes (32 bytes)
Event: 8.757 Thread 0x00007f20dc19c180 nmethod 2706 0x00007f20cd561610 code [0x00007f20cd5617c0, 0x00007f20cd561990]
Event: 8.788 Thread 0x00007f20dc19c180 2707       2       java.lang.Class::privateGetPublicMethods (224 bytes)
Event: 8.789 Thread 0x00007f20dc19c180 nmethod 2707 0x00007f20cd561a90 code [0x00007f20cd561ce0, 0x00007f20cd5623f0]
Event: 8.790 Thread 0x00007f20dc19c180 2710       2       jdk.internal.misc.InnocuousThread::eraseThreadLocals (23 bytes)
Event: 8.790 Thread 0x00007f20dc19c180 nmethod 2710 0x00007f20cd562990 code [0x00007f20cd562b40, 0x00007f20cd562d30]
Event: 8.790 Thread 0x00007f20dc19c180 2709       2       sun.nio.fs.UnixPath::getByteArrayForSysCalls (48 bytes)
Event: 8.790 Thread 0x00007f20dc19c180 nmethod 2709 0x00007f20cd562d90 code [0x00007f20cd562f40, 0x00007f20cd5631a0]
Event: 8.790 Thread 0x00007f20dc19c180 2708       2       java.lang.Module::canRead (86 bytes)
Event: 8.791 Thread 0x00007f20dc19c180 nmethod 2708 0x00007f20cd563310 code [0x00007f20cd5635c0, 0x00007f20cd563f20]

GC Heap History (14 events):
Event: 0.856 GC heap before
{Heap before GC invocations=0 (full 0):
 garbage-first heap   total 126976K, used 13312K [0x0000000080000000, 0x0000000100000000)
  region size 1024K, 13 young (13312K), 0 survivors (0K)
 Metaspace       used 7027K, committed 7232K, reserved 1056768K
  class space    used 601K, committed 704K, reserved 1048576K
}
Event: 0.862 GC heap after
{Heap after GC invocations=1 (full 0):
 garbage-first heap   total 126976K, used 3644K [0x0000000080000000, 0x0000000100000000)
  region size 1024K, 2 young (2048K), 2 survivors (2048K)
 Metaspace       used 7027K, committed 7232K, reserved 1056768K
  class space    used 601K, committed 704K, reserved 1048576K
}
Event: 1.603 GC heap before
{Heap before GC invocations=1 (full 0):
 garbage-first heap   total 126976K, used 22076K [0x0000000080000000, 0x0000000100000000)
  region size 1024K, 17 young (17408K), 2 survivors (2048K)
 Metaspace       used 11015K, committed 11264K, reserved 1064960K
  class space    used 1166K, committed 1280K, reserved 1048576K
}
Event: 1.609 GC heap after
{Heap after GC invocations=2 (full 0):
 garbage-first heap   total 126976K, used 10319K [0x0000000080000000, 0x0000000100000000)
  region size 1024K, 3 young (3072K), 3 survivors (3072K)
 Metaspace       used 11015K, committed 11264K, reserved 1064960K
  class space    used 1166K, committed 1280K, reserved 1048576K
}
Event: 2.045 GC heap before
{Heap before GC invocations=2 (full 0):
 garbage-first heap   total 126976K, used 31823K [0x0000000080000000, 0x0000000100000000)
  region size 1024K, 24 young (24576K), 3 survivors (3072K)
 Metaspace       used 11390K, committed 11648K, reserved 1064960K
  class space    used 1223K, committed 1344K, reserved 1048576K
}
Event: 2.061 GC heap after
{Heap after GC invocations=3 (full 0):
 garbage-first heap   total 126976K, used 15021K [0x0000000080000000, 0x0000000100000000)
  region size 1024K, 3 young (3072K), 3 survivors (3072K)
 Metaspace       used 11390K, committed 11648K, reserved 1064960K
  class space    used 1223K, committed 1344K, reserved 1048576K
}
Event: 4.080 GC heap before
{Heap before GC invocations=3 (full 0):
 garbage-first heap   total 126976K, used 46765K [0x0000000080000000, 0x0000000100000000)
  region size 1024K, 35 young (35840K), 3 survivors (3072K)
 Metaspace       used 21258K, committed 21504K, reserved 1073152K
  class space    used 2635K, committed 2752K, reserved 1048576K
}
Event: 4.096 GC heap after
{Heap after GC invocations=4 (full 0):
 garbage-first heap   total 126976K, used 18519K [0x0000000080000000, 0x0000000100000000)
  region size 1024K, 7 young (7168K), 7 survivors (7168K)
 Metaspace       used 21258K, committed 21504K, reserved 1073152K
  class space    used 2635K, committed 2752K, reserved 1048576K
}
Event: 5.562 GC heap before
{Heap before GC invocations=5 (full 0):
 garbage-first heap   total 71680K, used 54359K [0x0000000080000000, 0x0000000100000000)
  region size 1024K, 42 young (43008K), 7 survivors (7168K)
 Metaspace       used 26973K, committed 27264K, reserved 1073152K
  class space    used 3622K, committed 3776K, reserved 1048576K
}
Event: 5.580 GC heap after
{Heap after GC invocations=6 (full 0):
 garbage-first heap   total 71680K, used 20969K [0x0000000080000000, 0x0000000100000000)
  region size 1024K, 3 young (3072K), 3 survivors (3072K)
 Metaspace       used 26973K, committed 27264K, reserved 1073152K
  class space    used 3622K, committed 3776K, reserved 1048576K
}
Event: 6.636 GC heap before
{Heap before GC invocations=6 (full 0):
 garbage-first heap   total 71680K, used 48617K [0x0000000080000000, 0x0000000100000000)
  region size 1024K, 30 young (30720K), 3 survivors (3072K)
 Metaspace       used 31087K, committed 31360K, reserved 1081344K
  class space    used 4293K, committed 4416K, reserved 1048576K
}
Event: 6.652 GC heap after
{Heap after GC invocations=7 (full 0):
 garbage-first heap   total 71680K, used 22165K [0x0000000080000000, 0x0000000100000000)
  region size 1024K, 2 young (2048K), 2 survivors (2048K)
 Metaspace       used 31087K, committed 31360K, reserved 1081344K
  class space    used 4293K, committed 4416K, reserved 1048576K
}
Event: 8.763 GC heap before
{Heap before GC invocations=7 (full 0):
 garbage-first heap   total 71680K, used 45717K [0x0000000080000000, 0x0000000100000000)
  region size 1024K, 26 young (26624K), 2 survivors (2048K)
 Metaspace       used 35884K, committed 36160K, reserved 1081344K
  class space    used 4934K, committed 5056K, reserved 1048576K
}
Event: 8.785 GC heap after
{Heap after GC invocations=8 (full 0):
 garbage-first heap   total 71680K, used 24050K [0x0000000080000000, 0x0000000100000000)
  region size 1024K, 4 young (4096K), 4 survivors (4096K)
 Metaspace       used 35884K, committed 36160K, reserved 1081344K
  class space    used 4934K, committed 5056K, reserved 1048576K
}

Dll operation events (11 events):
Event: 0.003 Loaded shared library /snap/android-studio/126/android-studio/jbr/lib/libjava.so
Event: 0.260 Loaded shared library /snap/android-studio/126/android-studio/jbr/lib/libnio.so
Event: 0.279 Loaded shared library /snap/android-studio/126/android-studio/jbr/lib/libzip.so
Event: 0.598 Loaded shared library /snap/android-studio/126/android-studio/jbr/lib/libjimage.so
Event: 0.782 Loaded shared library /snap/android-studio/126/android-studio/jbr/lib/libverify.so
Event: 1.200 Loaded shared library /snap/android-studio/126/android-studio/jbr/lib/libnet.so
Event: 1.206 Loaded shared library /home/student/.gradle/native/68d5fa5c4cc2d200863cafc0d521ce42e7d3e7ee720ec0a83991735586a16f82/linux-amd64/libnative-platform.so
Event: 1.231 Loaded shared library /home/student/.gradle/native/e376f236ea51e6404a007f0833ffe2c6e607c4080706a723a18a27aeea778392/linux-amd64/libnative-platform-file-events.so
Event: 2.435 Loaded shared library /snap/android-studio/126/android-studio/jbr/lib/libmanagement.so
Event: 2.438 Loaded shared library /snap/android-studio/126/android-studio/jbr/lib/libmanagement_ext.so
Event: 2.960 Loaded shared library /snap/android-studio/126/android-studio/jbr/lib/libextnet.so

Deoptimization events (20 events):
Event: 7.153 Thread 0x00007f2058008750 Uncommon trap: trap_request=0xffffff45 fr.pc=0x00007f20d4bdce64 relative=0x0000000000005784
Event: 7.153 Thread 0x00007f2058008750 Uncommon trap: reason=unstable_if action=reinterpret pc=0x00007f20d4bdce64 method=java.net.URLClassLoader.defineClass(Ljava/lang/String;Ljdk/internal/loader/Resource;)Ljava/lang/Class; @ 21 c2
Event: 7.153 Thread 0x00007f2058008750 DEOPT PACKING pc=0x00007f20d4bdce64 sp=0x00007f20960f1cb0
Event: 7.153 Thread 0x00007f2058008750 DEOPT UNPACKING pc=0x00007f20d458d699 sp=0x00007f20960f1c58 mode 2
Event: 7.153 Thread 0x00007f2058008750 Uncommon trap: trap_request=0xffffff45 fr.pc=0x00007f20d4bbf290 relative=0x0000000000002cd0
Event: 7.153 Thread 0x00007f2058008750 Uncommon trap: reason=unstable_if action=reinterpret pc=0x00007f20d4bbf290 method=java.lang.ClassLoader.getClassLoadingLock(Ljava/lang/String;)Ljava/lang/Object; @ 6 c2
Event: 7.153 Thread 0x00007f2058008750 DEOPT PACKING pc=0x00007f20d4bbf290 sp=0x00007f20960f0600
Event: 7.153 Thread 0x00007f2058008750 DEOPT UNPACKING pc=0x00007f20d458d699 sp=0x00007f20960f05e0 mode 2
Event: 7.155 Thread 0x00007f2058008750 Uncommon trap: trap_request=0xffffff45 fr.pc=0x00007f20d4b84380 relative=0x00000000000000e0
Event: 7.155 Thread 0x00007f2058008750 Uncommon trap: reason=unstable_if action=reinterpret pc=0x00007f20d4b84380 method=java.lang.ClassLoader.getClassLoadingLock(Ljava/lang/String;)Ljava/lang/Object; @ 6 c2
Event: 7.155 Thread 0x00007f2058008750 DEOPT PACKING pc=0x00007f20d4b84380 sp=0x00007f20960f0810
Event: 7.155 Thread 0x00007f2058008750 DEOPT UNPACKING pc=0x00007f20d458d699 sp=0x00007f20960f07d0 mode 2
Event: 7.156 Thread 0x00007f2058008750 Uncommon trap: trap_request=0xffffff45 fr.pc=0x00007f20d4bce1bc relative=0x00000000000006dc
Event: 7.156 Thread 0x00007f2058008750 Uncommon trap: reason=unstable_if action=reinterpret pc=0x00007f20d4bce1bc method=java.lang.Class.getPackageName()Ljava/lang/String; @ 55 c2
Event: 7.156 Thread 0x00007f2058008750 DEOPT PACKING pc=0x00007f20d4bce1bc sp=0x00007f20960f1a30
Event: 7.156 Thread 0x00007f2058008750 DEOPT UNPACKING pc=0x00007f20d458d699 sp=0x00007f20960f19f0 mode 2
Event: 7.164 Thread 0x00007f2058008750 Uncommon trap: trap_request=0xffffff45 fr.pc=0x00007f20d4b9c288 relative=0x00000000000065a8
Event: 7.164 Thread 0x00007f2058008750 Uncommon trap: reason=unstable_if action=reinterpret pc=0x00007f20d4b9c288 method=jdk.internal.org.objectweb.asm.SymbolTable.addType(Ljava/lang/String;)I @ 33 c2
Event: 7.164 Thread 0x00007f2058008750 DEOPT PACKING pc=0x00007f20d4b9c288 sp=0x00007f20960f0af0
Event: 7.164 Thread 0x00007f2058008750 DEOPT UNPACKING pc=0x00007f20d458d699 sp=0x00007f20960f0a18 mode 2

Classes unloaded (0 events):
No events

Classes redefined (0 events):
No events

Internal exceptions (20 events):
Event: 6.446 Thread 0x00007f2058008750 Exception <a 'java/lang/NoSuchMethodError'{0x00000000831b1988}: 'java.lang.Object java.lang.invoke.DirectMethodHandle$Holder.newInvokeSpecial(java.lang.Object, java.lang.Object, java.lang.Object, java.lang.Object, java.lang.Object, java.lang.Object, java.lang.Object, java.lang.Object, java.lang.Object, java.lang.Object, java.lang.Object)'> (0x00000000831b1988) 
thrown [src/hotspot/share/interpreter/linkResolver.cpp, line 771]
Event: 6.447 Thread 0x00007f2058008750 Exception <a 'java/lang/NoSuchMethodError'{0x00000000831b71a0}: 'java.lang.Object java.lang.invoke.Invokers$Holder.linkToTargetMethod(java.lang.Object, java.lang.Object, java.lang.Object, java.lang.Object, java.lang.Object, java.lang.Object, java.lang.Object, java.lang.Object, java.lang.Object, java.lang.Object, java.lang.Object)'> (0x00000000831b71a0) 
thrown [src/hotspot/share/interpreter/linkResolver.cpp, line 771]
Event: 6.454 Thread 0x00007f2058008750 Exception <a 'java/lang/NoSuchMethodError'{0x00000000831fdf30}: 'java.lang.Object java.lang.invoke.DirectMethodHandle$Holder.invokeSpecial(java.lang.Object, java.lang.Object, java.lang.Object, java.lang.Object, java.lang.Object, java.lang.Object, java.lang.Object, java.lang.Object, java.lang.Object, java.lang.Object, java.lang.Object, java.lang.Object, java.lang.Object, java.lang.Object)'> (0x00000000831fdf30) 
thrown [src/hotspot/share/interpreter/linkResolver.cpp, line 771]
Event: 6.456 Thread 0x00007f2058008750 Exception <a 'java/lang/NoSuchMethodError'{0x0000000083010a00}: 'java.lang.Object java.lang.invoke.DirectMethodHandle$Holder.newInvokeSpecial(java.lang.Object, java.lang.Object, java.lang.Object, java.lang.Object, java.lang.Object, java.lang.Object, java.lang.Object, java.lang.Object, java.lang.Object, java.lang.Object, java.lang.Object, java.lang.Object)'> (0x0000000083010a00) 
thrown [src/hotspot/share/interpreter/linkResolver.cpp, line 771]
Event: 6.456 Thread 0x00007f2058008750 Exception <a 'java/lang/NoSuchMethodError'{0x0000000083016398}: 'java.lang.Object java.lang.invoke.Invokers$Holder.linkToTargetMethod(java.lang.Object, java.lang.Object, java.lang.Object, java.lang.Object, java.lang.Object, java.lang.Object, java.lang.Object, java.lang.Object, java.lang.Object, java.lang.Object, java.lang.Object, java.lang.Object)'> (0x0000000083016398) 
thrown [src/hotspot/share/interpreter/linkResolver.cpp, line 771]
Event: 6.475 Thread 0x00007f2058008750 Exception <a 'java/lang/NoSuchMethodError'{0x00000000830a8418}: 'java.lang.Object java.lang.invoke.DirectMethodHandle$Holder.invokeStaticInit(java.lang.Object, java.lang.Object, java.lang.Object, java.lang.Object)'> (0x00000000830a8418) 
thrown [src/hotspot/share/interpreter/linkResolver.cpp, line 771]
Event: 6.762 Thread 0x00007f2058008750 Exception <a 'java/lang/NoSuchMethodError'{0x000000008562f620}: 'java.lang.Object java.lang.invoke.DirectMethodHandle$Holder.newInvokeSpecial(java.lang.Object, java.lang.Object, java.lang.Object, java.lang.Object, java.lang.Object, java.lang.Object, java.lang.Object, java.lang.Object)'> (0x000000008562f620) 
thrown [src/hotspot/share/interpreter/linkResolver.cpp, line 771]
Event: 6.762 Thread 0x00007f2058008750 Exception <a 'java/lang/NoSuchMethodError'{0x0000000085635400}: 'java.lang.Object java.lang.invoke.Invokers$Holder.linkToTargetMethod(java.lang.Object, java.lang.Object, java.lang.Object, java.lang.Object, java.lang.Object, java.lang.Object, java.lang.Object, java.lang.Object)'> (0x0000000085635400) 
thrown [src/hotspot/share/interpreter/linkResolver.cpp, line 771]
Event: 6.773 Thread 0x00007f2058008750 Exception <a 'java/lang/IncompatibleClassChangeError'{0x00000000856997a8}: Found class java.lang.Object, but interface was expected> (0x00000000856997a8) 
thrown [src/hotspot/share/interpreter/linkResolver.cpp, line 838]
Event: 6.955 Thread 0x00007f2058008750 Exception <a 'java/lang/NoSuchMethodError'{0x0000000083bd2370}: 'int java.lang.invoke.DirectMethodHandle$Holder.invokeStaticInit(java.lang.Object, java.lang.Object, java.lang.Object)'> (0x0000000083bd2370) 
thrown [src/hotspot/share/interpreter/linkResolver.cpp, line 771]
Event: 6.958 Thread 0x00007f2058008750 Exception <a 'java/lang/NoSuchMethodError'{0x0000000083be77e0}: 'java.lang.Object java.lang.invoke.DirectMethodHandle$Holder.newInvokeSpecial(java.lang.Object, java.lang.Object, long)'> (0x0000000083be77e0) 
thrown [src/hotspot/share/interpreter/linkResolver.cpp, line 771]
Event: 6.959 Thread 0x00007f2058008750 Exception <a 'java/lang/NoSuchMethodError'{0x0000000083bebdf0}: 'java.lang.Object java.lang.invoke.Invokers$Holder.linkToTargetMethod(java.lang.Object, long, java.lang.Object)'> (0x0000000083bebdf0) 
thrown [src/hotspot/share/interpreter/linkResolver.cpp, line 771]
Event: 6.994 Thread 0x00007f2058008750 Exception <a 'java/lang/NoSuchMethodError'{0x0000000083ae9a28}: 'java.lang.Object java.lang.invoke.DirectMethodHandle$Holder.invokeStatic(java.lang.Object, java.lang.Object, int, java.lang.Object)'> (0x0000000083ae9a28) 
thrown [src/hotspot/share/interpreter/linkResolver.cpp, line 771]
Event: 6.995 Thread 0x00007f2058008750 Exception <a 'java/lang/NoSuchMethodError'{0x0000000083af15e0}: 'java.lang.Object java.lang.invoke.DirectMethodHandle$Holder.newInvokeSpecial(java.lang.Object, java.lang.Object, int, java.lang.Object)'> (0x0000000083af15e0) 
thrown [src/hotspot/share/interpreter/linkResolver.cpp, line 771]
Event: 6.996 Thread 0x00007f2058008750 Exception <a 'java/lang/NoSuchMethodError'{0x0000000083af5ec8}: 'java.lang.Object java.lang.invoke.DirectMethodHandle$Holder.invokeSpecial(java.lang.Object, java.lang.Object, java.lang.Object, int, java.lang.Object)'> (0x0000000083af5ec8) 
thrown [src/hotspot/share/interpreter/linkResolver.cpp, line 771]
Event: 7.179 Thread 0x00007f2058008750 Exception <a 'java/lang/NoSuchMethodError'{0x000000008361f1d0}: 'java.lang.Object java.lang.invoke.DirectMethodHandle$Holder.invokeSpecial(java.lang.Object, java.lang.Object, java.lang.Object, int, java.lang.Object, java.lang.Object)'> (0x000000008361f1d0) 
thrown [src/hotspot/share/interpreter/linkResolver.cpp, line 771]
Event: 8.431 Thread 0x00007f2058008750 Exception <a 'java/lang/NoSuchMethodError'{0x00000000832552a0}: 'void java.lang.invoke.DirectMethodHandle$Holder.invokeStaticInit(java.lang.Object, java.lang.Object, java.lang.Object)'> (0x00000000832552a0) 
thrown [src/hotspot/share/interpreter/linkResolver.cpp, line 771]
Event: 8.433 Thread 0x00007f2058008750 Exception <a 'java/lang/NoSuchMethodError'{0x000000008325c9e8}: 'void java.lang.invoke.DirectMethodHandle$Holder.invokeStaticInit(java.lang.Object, java.lang.Object, java.lang.Object, java.lang.Object)'> (0x000000008325c9e8) 
thrown [src/hotspot/share/interpreter/linkResolver.cpp, line 771]
Event: 8.439 Thread 0x00007f2058008750 Exception <a 'java/lang/NoSuchMethodError'{0x000000008327ebf8}: 'void java.lang.invoke.DirectMethodHandle$Holder.invokeStaticInit(java.lang.Object, java.lang.Object, java.lang.Object, java.lang.Object, java.lang.Object)'> (0x000000008327ebf8) 
thrown [src/hotspot/share/interpreter/linkResolver.cpp, line 771]
Event: 8.461 Thread 0x00007f2058008750 Exception <a 'java/lang/NoSuchMethodError'{0x00000000832d8c80}: 'int java.lang.invoke.DirectMethodHandle$Holder.invokeStaticInit(java.lang.Object, java.lang.Object, java.lang.Object, java.lang.Object)'> (0x00000000832d8c80) 
thrown [src/hotspot/share/interpreter/linkResolver.cpp, line 771]

VM Operations (20 events):
Event: 4.317 Executing VM operation: HandshakeAllThreads
Event: 4.317 Executing VM operation: HandshakeAllThreads done
Event: 5.317 Executing VM operation: Cleanup
Event: 5.318 Executing VM operation: Cleanup done
Event: 5.562 Executing VM operation: G1CollectForAllocation
Event: 5.580 Executing VM operation: G1CollectForAllocation done
Event: 6.363 Executing VM operation: HandshakeAllThreads
Event: 6.363 Executing VM operation: HandshakeAllThreads done
Event: 6.636 Executing VM operation: G1CollectForAllocation
Event: 6.652 Executing VM operation: G1CollectForAllocation done
Event: 6.751 Executing VM operation: HandshakeAllThreads
Event: 6.751 Executing VM operation: HandshakeAllThreads done
Event: 7.020 Executing VM operation: HandshakeAllThreads
Event: 7.021 Executing VM operation: HandshakeAllThreads done
Event: 8.021 Executing VM operation: Cleanup
Event: 8.021 Executing VM operation: Cleanup done
Event: 8.129 Executing VM operation: HandshakeAllThreads
Event: 8.130 Executing VM operation: HandshakeAllThreads done
Event: 8.762 Executing VM operation: CollectForMetadataAllocation
Event: 8.785 Executing VM operation: CollectForMetadataAllocation done

Events (20 events):
Event: 8.715 loading class java/util/ResourceBundle$CacheKey done
Event: 8.716 loading class java/time/ZoneId
Event: 8.716 loading class java/time/ZoneId done
Event: 8.726 loading class java/lang/UnsupportedClassVersionError
Event: 8.726 loading class java/lang/UnsupportedClassVersionError done
Event: 8.790 loading class java/time/chrono/ChronoPeriod
Event: 8.790 loading class java/time/chrono/ChronoPeriod done
Event: 8.790 loading class java/time/temporal/TemporalField
Event: 8.790 loading class java/time/temporal/TemporalField done
Event: 8.790 loading class java/time/temporal/Temporal
Event: 8.790 loading class java/time/temporal/TemporalAccessor
Event: 8.790 loading class java/time/temporal/TemporalAccessor done
Event: 8.790 loading class java/time/temporal/Temporal done
Event: 8.791 loading class java/time/Year
Event: 8.791 loading class java/time/temporal/TemporalAdjuster
Event: 8.791 loading class java/time/temporal/TemporalAdjuster done
Event: 8.791 loading class java/time/Year done
Event: 8.791 loading class java/time/Period
Event: 8.792 loading class java/time/Period done
Event: 8.792 loading class java/time/YearMonth


Dynamic libraries:
00200000-00201000 r--p 00000000 07:05 72                                 /snap/android-studio/126/android-studio/jbr/bin/java
00201000-00202000 r-xp 00000000 07:05 72                                 /snap/android-studio/126/android-studio/jbr/bin/java
00202000-00203000 r--p 00000000 07:05 72                                 /snap/android-studio/126/android-studio/jbr/bin/java
00203000-00204000 rw-p 00000000 07:05 72                                 /snap/android-studio/126/android-studio/jbr/bin/java
01544000-0158c000 rw-p 00000000 00:00 0                                  [heap]
80000000-83d00000 rw-p 00000000 00:00 0 
83d00000-85200000 ---p 00000000 00:00 0 
85200000-85900000 rw-p 00000000 00:00 0 
85900000-87a00000 ---p 00000000 00:00 0 
87a00000-87c00000 rw-p 00000000 00:00 0 
87c00000-100000000 ---p 00000000 00:00 0 
100000000-100020000 rw-p 00000000 00:00 0 
100020000-100040000 rw-p 00000000 00:00 0 
100040000-1000c0000 rw-p 00000000 00:00 0 
1000c0000-100140000 rw-p 00000000 00:00 0 
100140000-100180000 rw-p 00000000 00:00 0 
100180000-1001c0000 rw-p 00000000 00:00 0 
1001c0000-100200000 rw-p 00000000 00:00 0 
100200000-1004d0000 rw-p 00000000 00:00 0 
1004d0000-100500000 ---p 00000000 00:00 0 
100500000-100530000 rw-p 00000000 00:00 0 
100530000-140000000 ---p 00000000 00:00 0 
7f2047b69000-7f2047dfe000 rw-p 00000000 00:00 0 
7f2047dfe000-7f2047e02000 ---p 00000000 00:00 0 
7f2047e02000-7f2047eff000 rw-p 00000000 00:00 0 
7f2047eff000-7f2047f03000 ---p 00000000 00:00 0 
7f2047f03000-7f2048000000 rw-p 00000000 00:00 0 
7f2048000000-7f2048021000 rw-p 00000000 00:00 0 
7f2048021000-7f204c000000 ---p 00000000 00:00 0 
7f204c000000-7f204c021000 rw-p 00000000 00:00 0 
7f204c021000-7f2050000000 ---p 00000000 00:00 0 
7f2050000000-7f2050021000 rw-p 00000000 00:00 0 
7f2050021000-7f2054000000 ---p 00000000 00:00 0 
7f2054000000-7f2054948000 rw-p 00000000 00:00 0 
7f2054948000-7f2058000000 ---p 00000000 00:00 0 
7f2058000000-7f2058021000 rw-p 00000000 00:00 0 
7f2058021000-7f205c000000 ---p 00000000 00:00 0 
7f205c000000-7f205c02b000 rw-p 00000000 00:00 0 
7f205c02b000-7f2060000000 ---p 00000000 00:00 0 
7f2060000000-7f2060055000 rw-p 00000000 00:00 0 
7f2060055000-7f2064000000 ---p 00000000 00:00 0 
7f2064000000-7f2064021000 rw-p 00000000 00:00 0 
7f2064021000-7f2068000000 ---p 00000000 00:00 0 
7f2068000000-7f2068021000 rw-p 00000000 00:00 0 
7f2068021000-7f206c000000 ---p 00000000 00:00 0 
7f206c000000-7f206c023000 rw-p 00000000 00:00 0 
7f206c023000-7f2070000000 ---p 00000000 00:00 0 
7f2070000000-7f2070021000 rw-p 00000000 00:00 0 
7f2070021000-7f2074000000 ---p 00000000 00:00 0 
7f2074000000-7f2074021000 rw-p 00000000 00:00 0 
7f2074021000-7f2078000000 ---p 00000000 00:00 0 
7f2078000000-7f2078021000 rw-p 00000000 00:00 0 
7f2078021000-7f207c000000 ---p 00000000 00:00 0 
7f207c000000-7f207cb6f000 rw-p 00000000 00:00 0 
7f207cb6f000-7f2080000000 ---p 00000000 00:00 0 
7f2080000000-7f2080021000 rw-p 00000000 00:00 0 
7f2080021000-7f2084000000 ---p 00000000 00:00 0 
7f2084000000-7f2084021000 rw-p 00000000 00:00 0 
7f2084021000-7f2088000000 ---p 00000000 00:00 0 
7f2088000000-7f2088776000 rw-p 00000000 00:00 0 
7f2088776000-7f208c000000 ---p 00000000 00:00 0 
7f208c000000-7f208c021000 rw-p 00000000 00:00 0 
7f208c021000-7f2090000000 ---p 00000000 00:00 0 
7f2090000000-7f209122c000 rw-p 00000000 00:00 0 
7f209122c000-7f2094000000 ---p 00000000 00:00 0 
7f20940fd000-7f2094101000 ---p 00000000 00:00 0 
7f2094101000-7f20941fe000 rw-p 00000000 00:00 0 
7f20941fe000-7f2094202000 ---p 00000000 00:00 0 
7f2094202000-7f20942ff000 rw-p 00000000 00:00 0 
7f20942ff000-7f2094303000 ---p 00000000 00:00 0 
7f2094303000-7f2094900000 rw-p 00000000 00:00 0 
7f2094900000-7f20949d0000 rw-p 00000000 00:00 0 
7f20949d0000-7f2094a00000 ---p 00000000 00:00 0 
7f2094a00000-7f2094b50000 rw-p 00000000 00:00 0 
7f2094b50000-7f2094c00000 ---p 00000000 00:00 0 
7f2094cf9000-7f2094cfd000 ---p 00000000 00:00 0 
7f2094cfd000-7f2094dfa000 rw-p 00000000 00:00 0 
7f2094dfa000-7f2094dfe000 ---p 00000000 00:00 0 
7f2094dfe000-7f2094efb000 rw-p 00000000 00:00 0 
7f2094efb000-7f2094eff000 ---p 00000000 00:00 0 
7f2094eff000-7f2094ffc000 rw-p 00000000 00:00 0 
7f2094ffc000-7f2095000000 ---p 00000000 00:00 0 
7f2095000000-7f20950fd000 rw-p 00000000 00:00 0 
7f20950fd000-7f2095101000 ---p 00000000 00:00 0 
7f2095101000-7f20951fe000 rw-p 00000000 00:00 0 
7f20951fe000-7f2095202000 ---p 00000000 00:00 0 
7f2095202000-7f20952ff000 rw-p 00000000 00:00 0 
7f20952ff000-7f2095303000 ---p 00000000 00:00 0 
7f2095303000-7f2095500000 rw-p 00000000 00:00 0 
7f2095500000-7f2095600000 rw-p 00000000 00:00 0 
7f2095600000-7f2095c00000 rw-p 00000000 00:00 0 
7f2095cf4000-7f2095cf8000 ---p 00000000 00:00 0 
7f2095cf8000-7f2095df5000 rw-p 00000000 00:00 0 
7f2095df5000-7f2095df9000 ---p 00000000 00:00 0 
7f2095df9000-7f2095ef6000 rw-p 00000000 00:00 0 
7f2095ef6000-7f2095efa000 ---p 00000000 00:00 0 
7f2095efa000-7f2095ff7000 rw-p 00000000 00:00 0 
7f2095ff7000-7f2095ffb000 ---p 00000000 00:00 0 
7f2095ffb000-7f20960f8000 rw-p 00000000 00:00 0 
7f20960f8000-7f20960fc000 ---p 00000000 00:00 0 
7f20960fc000-7f20961f9000 rw-p 00000000 00:00 0 
7f20961f9000-7f20961fd000 ---p 00000000 00:00 0 
7f20961fd000-7f20962fa000 rw-p 00000000 00:00 0 
7f20962fa000-7f20962fe000 ---p 00000000 00:00 0 
7f20962fe000-7f20963fb000 rw-p 00000000 00:00 0 
7f20963fb000-7f20963ff000 ---p 00000000 00:00 0 
7f20963ff000-7f20964fc000 rw-p 00000000 00:00 0 
7f20964fc000-7f2096500000 ---p 00000000 00:00 0 
7f2096500000-7f20965fd000 rw-p 00000000 00:00 0 
7f20965fd000-7f2096601000 ---p 00000000 00:00 0 
7f2096601000-7f20966fe000 rw-p 00000000 00:00 0 
7f20966fe000-7f20966ff000 ---p 00000000 00:00 0 
7f20966ff000-7f2096900000 rw-p 00000000 00:00 0 
7f2096900000-7f2096ac0000 rw-p 00000000 00:00 0 
7f2096ac0000-7f2096b00000 rw-p 00000000 00:00 0 
7f2096b00000-7f2096cc0000 rw-p 00000000 00:00 0 
7f2096cc0000-7f2096d00000 rw-p 00000000 00:00 0 
7f2096d00000-7f2096f00000 rw-p 00000000 00:00 0 
7f2096f00000-7f2097000000 rw-p 00000000 00:00 0 
7f20970b6000-7f209714c000 r--p 00000000 08:04 5251235                    /usr/lib/x86_64-linux-gnu/libstdc++.so.6.0.28
7f209714c000-7f209723d000 r-xp 00096000 08:04 5251235                    /usr/lib/x86_64-linux-gnu/libstdc++.so.6.0.28
7f209723d000-7f2097286000 r--p 00187000 08:04 5251235                    /usr/lib/x86_64-linux-gnu/libstdc++.so.6.0.28
7f2097286000-7f2097287000 ---p 001d0000 08:04 5251235                    /usr/lib/x86_64-linux-gnu/libstdc++.so.6.0.28
7f2097287000-7f2097292000 r--p 001d0000 08:04 5251235                    /usr/lib/x86_64-linux-gnu/libstdc++.so.6.0.28
7f2097292000-7f2097295000 rw-p 001db000 08:04 5251235                    /usr/lib/x86_64-linux-gnu/libstdc++.so.6.0.28
7f2097295000-7f2097298000 rw-p 00000000 00:00 0 
7f2097298000-7f20972eb000 r-xp 00000000 08:04 7350370                    /home/student/.gradle/native/e376f236ea51e6404a007f0833ffe2c6e607c4080706a723a18a27aeea778392/linux-amd64/libnative-platform-file-events.so
7f20972eb000-7f20974ea000 ---p 00053000 08:04 7350370                    /home/student/.gradle/native/e376f236ea51e6404a007f0833ffe2c6e607c4080706a723a18a27aeea778392/linux-amd64/libnative-platform-file-events.so
7f20974ea000-7f20974eb000 r--p 00052000 08:04 7350370                    /home/student/.gradle/native/e376f236ea51e6404a007f0833ffe2c6e607c4080706a723a18a27aeea778392/linux-amd64/libnative-platform-file-events.so
7f20974eb000-7f20974ed000 rw-p 00053000 08:04 7350370                    /home/student/.gradle/native/e376f236ea51e6404a007f0833ffe2c6e607c4080706a723a18a27aeea778392/linux-amd64/libnative-platform-file-events.so
7f20974ed000-7f20974f2000 r-xp 00000000 08:04 7350363                    /home/student/.gradle/native/68d5fa5c4cc2d200863cafc0d521ce42e7d3e7ee720ec0a83991735586a16f82/linux-amd64/libnative-platform.so
7f20974f2000-7f20976f2000 ---p 00005000 08:04 7350363                    /home/student/.gradle/native/68d5fa5c4cc2d200863cafc0d521ce42e7d3e7ee720ec0a83991735586a16f82/linux-amd64/libnative-platform.so
7f20976f2000-7f20976f3000 r--p 00005000 08:04 7350363                    /home/student/.gradle/native/68d5fa5c4cc2d200863cafc0d521ce42e7d3e7ee720ec0a83991735586a16f82/linux-amd64/libnative-platform.so
7f20976f3000-7f20976f4000 rw-p 00006000 08:04 7350363                    /home/student/.gradle/native/68d5fa5c4cc2d200863cafc0d521ce42e7d3e7ee720ec0a83991735586a16f82/linux-amd64/libnative-platform.so
7f20976f4000-7f20976f5000 ---p 00000000 00:00 0 
7f20976f5000-7f20977f6000 rw-p 00000000 00:00 0 
7f20977f6000-7f20977f7000 ---p 00000000 00:00 0 
7f20977f7000-7f20978f8000 rw-p 00000000 00:00 0 
7f20978f8000-7f20978fc000 ---p 00000000 00:00 0 
7f20978fc000-7f20979f9000 rw-p 00000000 00:00 0 
7f20979f9000-7f20979fa000 ---p 00000000 00:00 0 
7f20979fa000-7f2097afb000 rw-p 00000000 00:00 0 
7f2097afb000-7f2097aff000 ---p 00000000 00:00 0 
7f2097aff000-7f2097bfc000 rw-p 00000000 00:00 0 
7f2097bfc000-7f2097c00000 ---p 00000000 00:00 0 
7f2097c00000-7f2097cfd000 rw-p 00000000 00:00 0 
7f2097cfd000-7f2097d01000 ---p 00000000 00:00 0 
7f2097d01000-7f2097dfe000 rw-p 00000000 00:00 0 
7f2097dfe000-7f2097e02000 ---p 00000000 00:00 0 
7f2097e02000-7f2097eff000 rw-p 00000000 00:00 0 
7f2097eff000-7f2097f03000 ---p 00000000 00:00 0 
7f2097f03000-7f2098000000 rw-p 00000000 00:00 0 
7f2098000000-7f2098021000 rw-p 00000000 00:00 0 
7f2098021000-7f209c000000 ---p 00000000 00:00 0 
7f209c000000-7f209c021000 rw-p 00000000 00:00 0 
7f209c021000-7f20a0000000 ---p 00000000 00:00 0 
7f20a0000000-7f20a0021000 rw-p 00000000 00:00 0 
7f20a0021000-7f20a4000000 ---p 00000000 00:00 0 
7f20a4000000-7f20a4021000 rw-p 00000000 00:00 0 
7f20a4021000-7f20a8000000 ---p 00000000 00:00 0 
7f20a8000000-7f20a8021000 rw-p 00000000 00:00 0 
7f20a8021000-7f20ac000000 ---p 00000000 00:00 0 
7f20ac000000-7f20ac021000 rw-p 00000000 00:00 0 
7f20ac021000-7f20b0000000 ---p 00000000 00:00 0 
7f20b0000000-7f20b0021000 rw-p 00000000 00:00 0 
7f20b0021000-7f20b4000000 ---p 00000000 00:00 0 
7f20b4000000-7f20b4021000 rw-p 00000000 00:00 0 
7f20b4021000-7f20b8000000 ---p 00000000 00:00 0 
7f20b8000000-7f20b8021000 rw-p 00000000 00:00 0 
7f20b8021000-7f20bc000000 ---p 00000000 00:00 0 
7f20bc000000-7f20bc15d000 rw-p 00000000 00:00 0 
7f20bc15d000-7f20c0000000 ---p 00000000 00:00 0 
7f20c0000000-7f20c0021000 rw-p 00000000 00:00 0 
7f20c0021000-7f20c4000000 ---p 00000000 00:00 0 
7f20c4013000-7f20c4017000 ---p 00000000 00:00 0 
7f20c4017000-7f20c4114000 rw-p 00000000 00:00 0 
7f20c4114000-7f20c4118000 ---p 00000000 00:00 0 
7f20c4118000-7f20c4215000 rw-p 00000000 00:00 0 
7f20c4215000-7f20c4219000 ---p 00000000 00:00 0 
7f20c4219000-7f20c4316000 rw-p 00000000 00:00 0 
7f20c4316000-7f20c4aff000 r--p 00000000 08:04 5242901                    /usr/lib/locale/locale-archive
7f20c4aff000-7f20c4b03000 ---p 00000000 00:00 0 
7f20c4b03000-7f20c5100000 rw-p 00000000 00:00 0 
7f20c5100000-7f20c5140000 rw-p 00000000 00:00 0 
7f20c5140000-7f20c5180000 rw-p 00000000 00:00 0 
7f20c5180000-7f20c5300000 rw-p 00000000 00:00 0 
7f20c5300000-7f20c53c0000 rw-p 00000000 00:00 0 
7f20c53c0000-7f20c5400000 rw-p 00000000 00:00 0 
7f20c542a000-7f20c542d000 r--p 00000000 08:04 5250430                    /usr/lib/x86_64-linux-gnu/libgcc_s.so.1
7f20c542d000-7f20c543f000 r-xp 00003000 08:04 5250430                    /usr/lib/x86_64-linux-gnu/libgcc_s.so.1
7f20c543f000-7f20c5443000 r--p 00015000 08:04 5250430                    /usr/lib/x86_64-linux-gnu/libgcc_s.so.1
7f20c5443000-7f20c5444000 r--p 00018000 08:04 5250430                    /usr/lib/x86_64-linux-gnu/libgcc_s.so.1
7f20c5444000-7f20c5445000 rw-p 00019000 08:04 5250430                    /usr/lib/x86_64-linux-gnu/libgcc_s.so.1
7f20c544e000-7f20c5451000 r--p 00000000 07:05 468                        /snap/android-studio/126/android-studio/jbr/lib/libmanagement_ext.so
7f20c5451000-7f20c5454000 r-xp 00002000 07:05 468                        /snap/android-studio/126/android-studio/jbr/lib/libmanagement_ext.so
7f20c5454000-7f20c5455000 r--p 00004000 07:05 468                        /snap/android-studio/126/android-studio/jbr/lib/libmanagement_ext.so
7f20c5455000-7f20c5456000 rw-p 00004000 07:05 468                        /snap/android-studio/126/android-studio/jbr/lib/libmanagement_ext.so
7f20c5456000-7f20c545c000 r--p 00000000 07:05 477                        /snap/android-studio/126/android-studio/jbr/lib/libverify.so
7f20c545c000-7f20c5464000 r-xp 00005000 07:05 477                        /snap/android-studio/126/android-studio/jbr/lib/libverify.so
7f20c5464000-7f20c5466000 r--p 0000c000 07:05 477                        /snap/android-studio/126/android-studio/jbr/lib/libverify.so
7f20c5466000-7f20c5467000 rw-p 0000d000 07:05 477                        /snap/android-studio/126/android-studio/jbr/lib/libverify.so
7f20c5467000-7f20c5498000 rw-p 00000000 00:00 0 
7f20c5498000-7f20c549f000 r--p 00000000 07:05 470                        /snap/android-studio/126/android-studio/jbr/lib/libnet.so
7f20c549f000-7f20c54ac000 r-xp 00006000 07:05 470                        /snap/android-studio/126/android-studio/jbr/lib/libnet.so
7f20c54ac000-7f20c54ad000 r--p 00012000 07:05 470                        /snap/android-studio/126/android-studio/jbr/lib/libnet.so
7f20c54ad000-7f20c54ae000 rw-p 00012000 07:05 470                        /snap/android-studio/126/android-studio/jbr/lib/libnet.so
7f20c54ae000-7f20c54af000 rw-p 00000000 00:00 0 
7f20c54af000-7f20c54b3000 ---p 00000000 00:00 0 
7f20c54b3000-7f20c55b0000 rw-p 00000000 00:00 0 
7f20c55b0000-7f20c55b1000 ---p 00000000 00:00 0 
7f20c55b1000-7f20c56b2000 rw-p 00000000 00:00 0 
7f20c56b2000-7f20c56bb000 r--p 00000000 07:05 478                        /snap/android-studio/126/android-studio/jbr/lib/libzip.so
7f20c56bb000-7f20c56cf000 r-xp 00008000 07:05 478                        /snap/android-studio/126/android-studio/jbr/lib/libzip.so
7f20c56cf000-7f20c56d1000 r--p 0001b000 07:05 478                        /snap/android-studio/126/android-studio/jbr/lib/libzip.so
7f20c56d1000-7f20c56d2000 rw-p 0001c000 07:05 478                        /snap/android-studio/126/android-studio/jbr/lib/libzip.so
7f20c56d2000-7f20c57ef000 rw-p 00000000 00:00 0 
7f20c57ef000-7f20c57f0000 ---p 00000000 00:00 0 
7f20c57f0000-7f20c58f1000 rw-p 00000000 00:00 0 
7f20c58f1000-7f20c58f2000 ---p 00000000 00:00 0 
7f20c58f2000-7f20c7df7000 rw-p 00000000 00:00 0 
7f20c7df7000-7f20c7df8000 ---p 00000000 00:00 0 
7f20c7df8000-7f20c7ef9000 rw-p 00000000 00:00 0 
7f20c7ef9000-7f20c7efa000 ---p 00000000 00:00 0 
7f20c7efa000-7f20c7ffb000 rw-p 00000000 00:00 0 
7f20c7ffb000-7f20c7ffc000 ---p 00000000 00:00 0 
7f20c7ffc000-7f20c81f1000 rw-p 00000000 00:00 0 
7f20c81f1000-7f20c8245000 ---p 00000000 00:00 0 
7f20c8245000-7f20c8261000 rw-p 00000000 00:00 0 
7f20c8261000-7f20c82e5000 ---p 00000000 00:00 0 
7f20c82e5000-7f20c82ed000 rw-p 00000000 00:00 0 
7f20c82ed000-7f20ca0fd000 ---p 00000000 00:00 0 
7f20ca0fd000-7f20ca1f1000 rw-p 00000000 00:00 0 
7f20ca1f1000-7f20ca245000 ---p 00000000 00:00 0 
7f20ca245000-7f20ca261000 rw-p 00000000 00:00 0 
7f20ca261000-7f20ca2e5000 ---p 00000000 00:00 0 
7f20ca2e5000-7f20ca2ed000 rw-p 00000000 00:00 0 
7f20ca2ed000-7f20cc0fd000 ---p 00000000 00:00 0 
7f20cc0fd000-7f20cc11c000 rw-p 00000000 00:00 0 
7f20cc11c000-7f20cc126000 ---p 00000000 00:00 0 
7f20cc126000-7f20cc12a000 rw-p 00000000 00:00 0 
7f20cc12a000-7f20cc13a000 ---p 00000000 00:00 0 
7f20cc13a000-7f20cc13b000 rw-p 00000000 00:00 0 
7f20cc13b000-7f20cc4fd000 ---p 00000000 00:00 0 
7f20cc4fd000-7f20cc51c000 rw-p 00000000 00:00 0 
7f20cc51c000-7f20cc526000 ---p 00000000 00:00 0 
7f20cc526000-7f20cc52a000 rw-p 00000000 00:00 0 
7f20cc52a000-7f20cc53a000 ---p 00000000 00:00 0 
7f20cc53a000-7f20cc53b000 rw-p 00000000 00:00 0 
7f20cc53b000-7f20cc8fd000 ---p 00000000 00:00 0 
7f20cc8fd000-7f20cc91c000 rw-p 00000000 00:00 0 
7f20cc91c000-7f20cc926000 ---p 00000000 00:00 0 
7f20cc926000-7f20cc92a000 rw-p 00000000 00:00 0 
7f20cc92a000-7f20cc93a000 ---p 00000000 00:00 0 
7f20cc93a000-7f20cc93b000 rw-p 00000000 00:00 0 
7f20cc93b000-7f20cccfd000 ---p 00000000 00:00 0 
7f20cccfd000-7f20cd000000 rw-p 00000000 00:00 0 
7f20cd000000-7f20cd570000 rwxp 00000000 00:00 0 
7f20cd570000-7f20d4537000 ---p 00000000 00:00 0 
7f20d4537000-7f20d47a7000 rwxp 00000000 00:00 0 
7f20d47a7000-7f20d4ac8000 ---p 00000000 00:00 0 
7f20d4ac8000-7f20d4d38000 rwxp 00000000 00:00 0 
7f20d4d38000-7f20dc000000 ---p 00000000 00:00 0 
7f20dc000000-7f20dd300000 rw-p 00000000 00:00 0 
7f20dd300000-7f20e0000000 ---p 00000000 00:00 0 
7f20e0000000-7f20e0007000 r--s 00000000 08:04 6034868                    /usr/lib/x86_64-linux-gnu/gconv/gconv-modules.cache
7f20e0007000-7f20e0012000 r--p 00000000 07:05 471                        /snap/android-studio/126/android-studio/jbr/lib/libnio.so
7f20e0012000-7f20e001a000 r-xp 0000a000 07:05 471                        /snap/android-studio/126/android-studio/jbr/lib/libnio.so
7f20e001a000-7f20e001b000 r--p 00011000 07:05 471                        /snap/android-studio/126/android-studio/jbr/lib/libnio.so
7f20e001b000-7f20e001c000 rw-p 00011000 07:05 471                        /snap/android-studio/126/android-studio/jbr/lib/libnio.so
7f20e001c000-7f20e0188000 rw-p 00000000 00:00 0 
7f20e0188000-7f20e026e000 ---p 00000000 00:00 0 
7f20e026e000-7f20e0279000 rw-p 00000000 00:00 0 
7f20e0279000-7f20e0359000 ---p 00000000 00:00 0 
7f20e0359000-7f20e036b000 r--p 00000000 07:05 457                        /snap/android-studio/126/android-studio/jbr/lib/libjava.so
7f20e036b000-7f20e037d000 r-xp 00011000 07:05 457                        /snap/android-studio/126/android-studio/jbr/lib/libjava.so
7f20e037d000-7f20e037f000 r--p 00022000 07:05 457                        /snap/android-studio/126/android-studio/jbr/lib/libjava.so
7f20e037f000-7f20e0380000 rw-p 00023000 07:05 457                        /snap/android-studio/126/android-studio/jbr/lib/libjava.so
7f20e0380000-7f20e0383000 r--p 00000000 08:04 5243004                    /usr/lib/x86_64-linux-gnu/libnss_files-2.31.so
7f20e0383000-7f20e038a000 r-xp 00003000 08:04 5243004                    /usr/lib/x86_64-linux-gnu/libnss_files-2.31.so
7f20e038a000-7f20e038c000 r--p 0000a000 08:04 5243004                    /usr/lib/x86_64-linux-gnu/libnss_files-2.31.so
7f20e038c000-7f20e038d000 r--p 0000b000 08:04 5243004                    /usr/lib/x86_64-linux-gnu/libnss_files-2.31.so
7f20e038d000-7f20e038e000 rw-p 0000c000 08:04 5243004                    /usr/lib/x86_64-linux-gnu/libnss_files-2.31.so
7f20e038e000-7f20e0394000 rw-p 00000000 00:00 0 
7f20e0394000-7f20e0395000 r--p 00000000 07:05 450                        /snap/android-studio/126/android-studio/jbr/lib/libextnet.so
7f20e0395000-7f20e0397000 r-xp 00000000 07:05 450                        /snap/android-studio/126/android-studio/jbr/lib/libextnet.so
7f20e0397000-7f20e0398000 r--p 00001000 07:05 450                        /snap/android-studio/126/android-studio/jbr/lib/libextnet.so
7f20e0398000-7f20e0399000 rw-p 00001000 07:05 450                        /snap/android-studio/126/android-studio/jbr/lib/libextnet.so
7f20e0399000-7f20e039e000 rw-p 00000000 00:00 0 
7f20e039e000-7f20e03a5000 ---p 00000000 00:00 0 
7f20e03a5000-7f20e3873000 r--s 00000000 07:05 479                        /snap/android-studio/126/android-studio/jbr/lib/modules
7f20e3873000-7f20e387e000 r--p 00000000 07:05 461                        /snap/android-studio/126/android-studio/jbr/lib/libjimage.so
7f20e387e000-7f20e3893000 r-xp 0000a000 07:05 461                        /snap/android-studio/126/android-studio/jbr/lib/libjimage.so
7f20e3893000-7f20e3895000 r--p 0001e000 07:05 461                        /snap/android-studio/126/android-studio/jbr/lib/libjimage.so
7f20e3895000-7f20e3896000 rw-p 0001f000 07:05 461                        /snap/android-studio/126/android-studio/jbr/lib/libjimage.so
7f20e3896000-7f20e389a000 ---p 00000000 00:00 0 
7f20e389a000-7f20e3997000 rw-p 00000000 00:00 0 
7f20e3997000-7f20e3999000 r--p 00000000 08:04 5243057                    /usr/lib/x86_64-linux-gnu/librt-2.31.so
7f20e3999000-7f20e399d000 r-xp 00002000 08:04 5243057                    /usr/lib/x86_64-linux-gnu/librt-2.31.so
7f20e399d000-7f20e399f000 r--p 00006000 08:04 5243057                    /usr/lib/x86_64-linux-gnu/librt-2.31.so
7f20e399f000-7f20e39a0000 r--p 00007000 08:04 5243057                    /usr/lib/x86_64-linux-gnu/librt-2.31.so
7f20e39a0000-7f20e39a1000 rw-p 00008000 08:04 5243057                    /usr/lib/x86_64-linux-gnu/librt-2.31.so
7f20e39a1000-7f20e39ae000 r--p 00000000 08:04 5242981                    /usr/lib/x86_64-linux-gnu/libm-2.31.so
7f20e39ae000-7f20e3a55000 r-xp 0000d000 08:04 5242981                    /usr/lib/x86_64-linux-gnu/libm-2.31.so
7f20e3a55000-7f20e3aee000 r--p 000b4000 08:04 5242981                    /usr/lib/x86_64-linux-gnu/libm-2.31.so
7f20e3aee000-7f20e3aef000 r--p 0014c000 08:04 5242981                    /usr/lib/x86_64-linux-gnu/libm-2.31.so
7f20e3aef000-7f20e3af0000 rw-p 0014d000 08:04 5242981                    /usr/lib/x86_64-linux-gnu/libm-2.31.so
7f20e3af0000-7f20e402c000 r--p 00000000 07:05 489                        /snap/android-studio/126/android-studio/jbr/lib/server/libjvm.so
7f20e402c000-7f20e4ca6000 r-xp 0053b000 07:05 489                        /snap/android-studio/126/android-studio/jbr/lib/server/libjvm.so
7f20e4ca6000-7f20e4d68000 r--p 011b4000 07:05 489                        /snap/android-studio/126/android-studio/jbr/lib/server/libjvm.so
7f20e4d68000-7f20e4d9b000 rw-p 01275000 07:05 489                        /snap/android-studio/126/android-studio/jbr/lib/server/libjvm.so
7f20e4d9b000-7f20e4df7000 rw-p 00000000 00:00 0 
7f20e4df7000-7f20e4e19000 r--p 00000000 08:04 5242956                    /usr/lib/x86_64-linux-gnu/libc-2.31.so
7f20e4e19000-7f20e4f91000 r-xp 00022000 08:04 5242956                    /usr/lib/x86_64-linux-gnu/libc-2.31.so
7f20e4f91000-7f20e4fdf000 r--p 0019a000 08:04 5242956                    /usr/lib/x86_64-linux-gnu/libc-2.31.so
7f20e4fdf000-7f20e4fe3000 r--p 001e7000 08:04 5242956                    /usr/lib/x86_64-linux-gnu/libc-2.31.so
7f20e4fe3000-7f20e4fe5000 rw-p 001eb000 08:04 5242956                    /usr/lib/x86_64-linux-gnu/libc-2.31.so
7f20e4fe5000-7f20e4fe9000 rw-p 00000000 00:00 0 
7f20e4fe9000-7f20e4fea000 r--p 00000000 08:04 5242980                    /usr/lib/x86_64-linux-gnu/libdl-2.31.so
7f20e4fea000-7f20e4fec000 r-xp 00001000 08:04 5242980                    /usr/lib/x86_64-linux-gnu/libdl-2.31.so
7f20e4fec000-7f20e4fed000 r--p 00003000 08:04 5242980                    /usr/lib/x86_64-linux-gnu/libdl-2.31.so
7f20e4fed000-7f20e4fee000 r--p 00003000 08:04 5242980                    /usr/lib/x86_64-linux-gnu/libdl-2.31.so
7f20e4fee000-7f20e4fef000 rw-p 00004000 08:04 5242980                    /usr/lib/x86_64-linux-gnu/libdl-2.31.so
7f20e4fef000-7f20e4ff5000 r--p 00000000 08:04 5243031                    /usr/lib/x86_64-linux-gnu/libpthread-2.31.so
7f20e4ff5000-7f20e5006000 r-xp 00006000 08:04 5243031                    /usr/lib/x86_64-linux-gnu/libpthread-2.31.so
7f20e5006000-7f20e500c000 r--p 00017000 08:04 5243031                    /usr/lib/x86_64-linux-gnu/libpthread-2.31.so
7f20e500c000-7f20e500d000 r--p 0001c000 08:04 5243031                    /usr/lib/x86_64-linux-gnu/libpthread-2.31.so
7f20e500d000-7f20e500e000 rw-p 0001d000 08:04 5243031                    /usr/lib/x86_64-linux-gnu/libpthread-2.31.so
7f20e500e000-7f20e5012000 rw-p 00000000 00:00 0 
7f20e5012000-7f20e5015000 r--p 00000000 07:05 466                        /snap/android-studio/126/android-studio/jbr/lib/libmanagement.so
7f20e5015000-7f20e5017000 r-xp 00002000 07:05 466                        /snap/android-studio/126/android-studio/jbr/lib/libmanagement.so
7f20e5017000-7f20e5018000 r--p 00003000 07:05 466                        /snap/android-studio/126/android-studio/jbr/lib/libmanagement.so
7f20e5018000-7f20e5019000 rw-p 00003000 07:05 466                        /snap/android-studio/126/android-studio/jbr/lib/libmanagement.so
7f20e5019000-7f20e5021000 rw-s 00000000 08:04 393815                     /tmp/hsperfdata_student/3533
7f20e5021000-7f20e5022000 ---p 00000000 00:00 0 
7f20e5022000-7f20e5023000 r--p 00000000 00:00 0 
7f20e5023000-7f20e502b000 r--p 00000000 07:05 462                        /snap/android-studio/126/android-studio/jbr/lib/libjli.so
7f20e502b000-7f20e503a000 r-xp 00007000 07:05 462                        /snap/android-studio/126/android-studio/jbr/lib/libjli.so
7f20e503a000-7f20e503b000 r--p 00015000 07:05 462                        /snap/android-studio/126/android-studio/jbr/lib/libjli.so
7f20e503b000-7f20e503c000 rw-p 00015000 07:05 462                        /snap/android-studio/126/android-studio/jbr/lib/libjli.so
7f20e503c000-7f20e503e000 rw-p 00000000 00:00 0 
7f20e503e000-7f20e503f000 r--p 00000000 08:04 5242944                    /usr/lib/x86_64-linux-gnu/ld-2.31.so
7f20e503f000-7f20e5062000 r-xp 00001000 08:04 5242944                    /usr/lib/x86_64-linux-gnu/ld-2.31.so
7f20e5062000-7f20e506a000 r--p 00024000 08:04 5242944                    /usr/lib/x86_64-linux-gnu/ld-2.31.so
7f20e506a000-7f20e506b000 ---p 00000000 00:00 0 
7f20e506b000-7f20e506c000 r--p 0002c000 08:04 5242944                    /usr/lib/x86_64-linux-gnu/ld-2.31.so
7f20e506c000-7f20e506d000 rw-p 0002d000 08:04 5242944                    /usr/lib/x86_64-linux-gnu/ld-2.31.so
7f20e506d000-7f20e506e000 rw-p 00000000 00:00 0 
7ffc39c84000-7ffc39ca5000 rw-p 00000000 00:00 0                          [stack]
7ffc39ccc000-7ffc39cd0000 r--p 00000000 00:00 0                          [vvar]
7ffc39cd0000-7ffc39cd2000 r-xp 00000000 00:00 0                          [vdso]
ffffffffff600000-ffffffffff601000 --xp 00000000 00:00 0                  [vsyscall]


VM Arguments:
jvm_args: --add-opens=java.base/java.util=ALL-UNNAMED --add-opens=java.base/java.lang=ALL-UNNAMED --add-opens=java.base/java.lang.invoke=ALL-UNNAMED --add-opens=java.prefs/java.util.prefs=ALL-UNNAMED --add-opens=java.base/java.nio.charset=ALL-UNNAMED --add-opens=java.base/java.net=ALL-UNNAMED --add-opens=java.base/java.util.concurrent.atomic=ALL-UNNAMED -Xmx2048m -Dfile.encoding=UTF-8 -Duser.country=US -Duser.language=en -Duser.variant 
java_command: org.gradle.launcher.daemon.bootstrap.GradleDaemon 8.0
java_class_path (initial): /home/student/.gradle/wrapper/dists/gradle-8.0-bin/ca5e32bp14vu59qr306oxotwh/gradle-8.0/lib/gradle-launcher-8.0.jar
Launcher Type: SUN_STANDARD

[Global flags]
     intx CICompilerCount                          = 3                                         {product} {ergonomic}
     uint ConcGCThreads                            = 1                                         {product} {ergonomic}
     uint G1ConcRefinementThreads                  = 4                                         {product} {ergonomic}
   size_t G1HeapRegionSize                         = 1048576                                   {product} {ergonomic}
    uintx GCDrainStackTargetSize                   = 64                                        {product} {ergonomic}
   size_t InitialHeapSize                          = 130023424                                 {product} {ergonomic}
   size_t MarkStackSize                            = 4194304                                   {product} {ergonomic}
   size_t MaxHeapSize                              = 2147483648                                {product} {command line}
   size_t MaxNewSize                               = 1287651328                                {product} {ergonomic}
   size_t MinHeapDeltaBytes                        = 1048576                                   {product} {ergonomic}
   size_t MinHeapSize                              = 8388608                                   {product} {ergonomic}
    uintx NonNMethodCodeHeapSize                   = 5832780                                {pd product} {ergonomic}
    uintx NonProfiledCodeHeapSize                  = 122912730                              {pd product} {ergonomic}
    uintx ProfiledCodeHeapSize                     = 122912730                              {pd product} {ergonomic}
    uintx ReservedCodeCacheSize                    = 251658240                              {pd product} {ergonomic}
     bool SegmentedCodeCache                       = true                                      {product} {ergonomic}
   size_t SoftMaxHeapSize                          = 2147483648                             {manageable} {ergonomic}
     bool UseCompressedClassPointers               = true                           {product lp64_product} {ergonomic}
     bool UseCompressedOops                        = true                           {product lp64_product} {ergonomic}
     bool UseG1GC                                  = true                                      {product} {ergonomic}

Logging:
Log output configuration:
 #0: stdout all=warning uptime,level,tags
 #1: stderr all=off uptime,level,tags

Environment Variables:
PATH=/home/student/.local/bin:/usr/local/sbin:/usr/local/bin:/usr/sbin:/usr/bin:/sbin:/bin:/usr/games:/usr/local/games:/snap/bin
USERNAME=student
SHELL=/bin/bash
DISPLAY=:0
LANG=en_US.UTF-8
LC_NUMERIC=om_KE.UTF-8
LC_TIME=om_KE.UTF-8

Signal Handlers:
   SIGSEGV: crash_handler in libjvm.so, mask=11100100010111111101111111111110, flags=SA_RESTART|SA_SIGINFO
    SIGBUS: crash_handler in libjvm.so, mask=11100100010111111101111111111110, flags=SA_RESTART|SA_SIGINFO
    SIGFPE: crash_handler in libjvm.so, mask=11100100010111111101111111111110, flags=SA_RESTART|SA_SIGINFO
   SIGPIPE: javaSignalHandler in libjvm.so, mask=11100100010111111101111111111110, flags=SA_RESTART|SA_SIGINFO
   SIGXFSZ: javaSignalHandler in libjvm.so, mask=11100100010111111101111111111110, flags=SA_RESTART|SA_SIGINFO
    SIGILL: crash_handler in libjvm.so, mask=11100100010111111101111111111110, flags=SA_RESTART|SA_SIGINFO
   SIGUSR2: SR_handler in libjvm.so, mask=00100000000000000000000000000000, flags=SA_RESTART|SA_SIGINFO
    SIGHUP: UserHandler in libjvm.so, mask=11100100010111111101111111111110, flags=SA_RESTART|SA_SIGINFO
    SIGINT: UserHandler in libjvm.so, mask=11100100010111111101111111111110, flags=SA_RESTART|SA_SIGINFO
   SIGTERM: UserHandler in libjvm.so, mask=11100100010111111101111111111110, flags=SA_RESTART|SA_SIGINFO
   SIGQUIT: UserHandler in libjvm.so, mask=11100100010111111101111111111110, flags=SA_RESTART|SA_SIGINFO
   SIGTRAP: crash_handler in libjvm.so, mask=11100100010111111101111111111110, flags=SA_RESTART|SA_SIGINFO


---------------  S Y S T E M  ---------------

OS:
DISTRIB_ID=Ubuntu
DISTRIB_RELEASE=20.04
DISTRIB_CODENAME=focal
DISTRIB_DESCRIPTION="Ubuntu 20.04.6 LTS"
uname: Linux 5.15.0-75-generic #82~20.04.1-Ubuntu SMP Wed Jun 7 19:37:37 UTC 2023 x86_64
OS uptime: 0 days 0:02 hours
libc: glibc 2.31 NPTL 2.31 
rlimit (soft/hard): STACK 8192k/infinity , CORE 0k/infinity , NPROC 30929/30929 , NOFILE 1048576/1048576 , AS infinity/infinity , CPU infinity/infinity , DATA infinity/infinity , FSIZE infinity/infinity , MEMLOCK 65536k/65536k
load average: 5.23 1.95 0.72

/proc/meminfo:
MemTotal:        7998884 kB
MemFree:          171160 kB
MemAvailable:    2943768 kB
Buffers:          175892 kB
Cached:          3137736 kB
SwapCached:            0 kB
Active:          1015132 kB
Inactive:        6376184 kB
Active(anon):       9976 kB
Inactive(anon):  4468304 kB
Active(file):    1005156 kB
Inactive(file):  1907880 kB
Unevictable:       77796 kB
Mlocked:               0 kB
SwapTotal:       5419004 kB
SwapFree:        5418236 kB
Dirty:             54052 kB
Writeback:          6116 kB
AnonPages:       4155916 kB
Mapped:          1141736 kB
Shmem:            406124 kB
KReclaimable:     158172 kB
Slab:             251492 kB
SReclaimable:     158172 kB
SUnreclaim:        93320 kB
KernelStack:       11984 kB
PageTables:        25756 kB
NFS_Unstable:          0 kB
Bounce:                0 kB
WritebackTmp:          0 kB
CommitLimit:     9418444 kB
Committed_AS:    7547892 kB
VmallocTotal:   34359738367 kB
VmallocUsed:       41316 kB
VmallocChunk:          0 kB
Percpu:             7168 kB
HardwareCorrupted:     0 kB
AnonHugePages:      2048 kB
ShmemHugePages:        0 kB
ShmemPmdMapped:        0 kB
FileHugePages:         0 kB
FilePmdMapped:         0 kB
HugePages_Total:       0
HugePages_Free:        0
HugePages_Rsvd:        0
HugePages_Surp:        0
Hugepagesize:       2048 kB
Hugetlb:               0 kB
DirectMap4k:      263004 kB
DirectMap2M:     2754560 kB
DirectMap1G:     5242880 kB

/sys/kernel/mm/transparent_hugepage/enabled: always [madvise] never
/sys/kernel/mm/transparent_hugepage/defrag (defrag/compaction efforts parameter): always defer defer+madvise [madvise] never

Process Memory:
Virtual Size: 5719624K (peak: 5719624K)
Resident Set Size: 208660K (peak: 208660K) (anon: 176728K, file: 31932K, shmem: 0K)
Swapped out: 0K
C-Heap outstanding allocations: 59845K, retained: 24890K
glibc malloc tunables: (default)

/proc/sys/kernel/threads-max (system-wide limit on the number of threads): 61858
/proc/sys/vm/max_map_count (maximum number of memory map areas a process may have): 65530
/proc/sys/kernel/pid_max (system-wide limit on number of process identifiers): 4194304

container (cgroup) information:
container_type: cgroupv1
cpu_cpuset_cpus: 0-3
cpu_memory_nodes: 0
active_processor_count: 4
cpu_quota: no quota
cpu_period: 100000
cpu_shares: no shares
memory_limit_in_bytes: unlimited
memory_and_swap_limit_in_bytes: unlimited
memory_soft_limit_in_bytes: unlimited
memory_usage_in_bytes: 6040272 k
memory_max_usage_in_bytes: 6040272 k
kernel_memory_usage_in_bytes: 140628 k
kernel_memory_max_usage_in_bytes: unlimited
kernel_memory_limit_in_bytes: 140764 k
maximum number of tasks: unlimited
current number of tasks: 517

Steal ticks since vm start: 0
Steal ticks percentage since vm start:  0.000

CPU: total 4 (initial active 4) (2 cores per cpu, 2 threads per core) family 6 model 61 stepping 4 microcode 0x2f, cx8, cmov, fxsr, ht, mmx, 3dnowpref, sse, sse2, sse3, ssse3, sse4.1, sse4.2, popcnt, lzcnt, tsc, tscinvbit, avx, avx2, aes, erms, clmul, bmi1, bmi2, rtm, adx, fma, vzeroupper, clflush
CPU Model and flags from /proc/cpuinfo:
model name	: Intel(R) Core(TM) i5-5300U CPU @ 2.30GHz
flags		: fpu vme de pse tsc msr pae mce cx8 apic sep mtrr pge mca cmov pat pse36 clflush dts acpi mmx fxsr sse sse2 ss ht tm pbe syscall nx pdpe1gb rdtscp lm constant_tsc arch_perfmon pebs bts rep_good nopl xtopology nonstop_tsc cpuid aperfmperf pni pclmulqdq dtes64 monitor ds_cpl vmx smx est tm2 ssse3 sdbg fma cx16 xtpr pdcm pcid sse4_1 sse4_2 x2apic movbe popcnt tsc_deadline_timer aes xsave avx f16c rdrand lahf_lm abm 3dnowprefetch cpuid_fault epb invpcid_single pti ssbd ibrs ibpb stibp tpr_shadow vnmi flexpriority ept vpid ept_ad fsgsbase tsc_adjust bmi1 hle avx2 smep bmi2 erms invpcid rtm rdseed adx smap intel_pt xsaveopt dtherm ida arat pln pts md_clear flush_l1d

Online cpus: 0-3
Offline cpus: 4-7
BIOS frequency limitation: <Not Available>
Frequency switch latency (ns): 20000
Available cpu frequencies: <Not Available>
Current governor: ondemand
Core performance/turbo boost: <Not Available>

Memory: 4k page, physical 7998884k(171160k free), swap 5419004k(5418236k free)
Page Sizes: 4k

vm_info: OpenJDK 64-Bit Server VM (17.0.6+0-17.0.6b802.4-9586694) for linux-amd64 JRE (17.0.6+0-17.0.6b802.4-9586694), built on Feb  9 2023 19:16:28 by "androidbuild" with clang Android (7284624, based on r416183b) Clang 12.0.5 (https://android.googlesource.com/toolchain/llvm-project c935d99d7cf2016289302412d708641d52d2f7ee)

END.
